2025-10-23T15:43:41.761-04:00  INFO 32212 --- [JPA-Demo] [restartedMain] org.example.jpademo.JpaDemoApplication   : Starting JpaDemoApplication using Java 25 with PID 32212 (C:\Users\murta\Dropbox\PC\Downloads\College Course Books & Materials\Java\JPA-Demo\target\classes started by murta in C:\Users\murta\Dropbox\PC\Downloads\College Course Books & Materials\Java\JPA-Demo)
2025-10-23T15:43:41.766-04:00  INFO 32212 --- [JPA-Demo] [restartedMain] org.example.jpademo.JpaDemoApplication   : No active profile set, falling back to 1 default profile: "default"
2025-10-23T15:43:41.810-04:00  INFO 32212 --- [JPA-Demo] [restartedMain] .e.DevToolsPropertyDefaultsPostProcessor : Devtools property defaults active! Set 'spring.devtools.add-properties' to 'false' to disable
2025-10-23T15:43:41.811-04:00  INFO 32212 --- [JPA-Demo] [restartedMain] .e.DevToolsPropertyDefaultsPostProcessor : For additional web related logging consider setting the 'logging.level.web' property to 'DEBUG'
2025-10-23T15:43:42.557-04:00  INFO 32212 --- [JPA-Demo] [restartedMain] .s.d.r.c.RepositoryConfigurationDelegate : Bootstrapping Spring Data JPA repositories in DEFAULT mode.
2025-10-23T15:43:42.618-04:00  INFO 32212 --- [JPA-Demo] [restartedMain] .s.d.r.c.RepositoryConfigurationDelegate : Finished Spring Data repository scanning in 53 ms. Found 2 JPA repository interfaces.
2025-10-23T15:43:43.041-04:00  INFO 32212 --- [JPA-Demo] [restartedMain] o.s.b.w.embedded.tomcat.TomcatWebServer  : Tomcat initialized with port 8080 (http)
2025-10-23T15:43:43.054-04:00  INFO 32212 --- [JPA-Demo] [restartedMain] o.apache.catalina.core.StandardService   : Starting service [Tomcat]
2025-10-23T15:43:43.055-04:00  INFO 32212 --- [JPA-Demo] [restartedMain] o.apache.catalina.core.StandardEngine    : Starting Servlet engine: [Apache Tomcat/10.1.46]
2025-10-23T15:43:43.098-04:00  INFO 32212 --- [JPA-Demo] [restartedMain] o.a.c.c.C.[Tomcat].[localhost].[/]       : Initializing Spring embedded WebApplicationContext
2025-10-23T15:43:43.099-04:00  INFO 32212 --- [JPA-Demo] [restartedMain] w.s.c.ServletWebServerApplicationContext : Root WebApplicationContext: initialization completed in 1286 ms
2025-10-23T15:43:43.248-04:00  INFO 32212 --- [JPA-Demo] [restartedMain] o.hibernate.jpa.internal.util.LogHelper  : HHH000204: Processing PersistenceUnitInfo [name: default]
2025-10-23T15:43:43.312-04:00  INFO 32212 --- [JPA-Demo] [restartedMain] org.hibernate.Version                    : HHH000412: Hibernate ORM core version 6.6.29.Final
2025-10-23T15:43:43.347-04:00  INFO 32212 --- [JPA-Demo] [restartedMain] o.h.c.internal.RegionFactoryInitiator    : HHH000026: Second-level cache disabled
2025-10-23T15:43:43.646-04:00  INFO 32212 --- [JPA-Demo] [restartedMain] o.s.o.j.p.SpringPersistenceUnitInfo      : No LoadTimeWeaver setup: ignoring JPA class transformer
2025-10-23T15:43:43.675-04:00  INFO 32212 --- [JPA-Demo] [restartedMain] com.zaxxer.hikari.HikariDataSource       : HikariPool-1 - Starting...
2025-10-23T15:43:44.293-04:00  INFO 32212 --- [JPA-Demo] [restartedMain] com.zaxxer.hikari.pool.HikariPool        : HikariPool-1 - Added connection com.mysql.cj.jdbc.ConnectionImpl@122b75fe
2025-10-23T15:43:44.295-04:00  INFO 32212 --- [JPA-Demo] [restartedMain] com.zaxxer.hikari.HikariDataSource       : HikariPool-1 - Start completed.
2025-10-23T15:43:44.446-04:00  INFO 32212 --- [JPA-Demo] [restartedMain] org.hibernate.orm.connections.pooling    : HHH10001005: Database info:
	Database JDBC URL [Connecting through datasource 'HikariDataSource (HikariPool-1)']
	Database driver: undefined/unknown
	Database version: 8.0.34
	Autocommit mode: undefined/unknown
	Isolation level: undefined/unknown
	Minimum pool size: undefined/unknown
	Maximum pool size: undefined/unknown
2025-10-23T15:43:45.339-04:00  INFO 32212 --- [JPA-Demo] [restartedMain] o.h.e.t.j.p.i.JtaPlatformInitiator       : HHH000489: No JTA platform available (set 'hibernate.transaction.jta.platform' to enable JTA platform integration)
2025-10-23T15:43:45.470-04:00  INFO 32212 --- [JPA-Demo] [restartedMain] j.LocalContainerEntityManagerFactoryBean : Initialized JPA EntityManagerFactory for persistence unit 'default'
2025-10-23T15:43:45.801-04:00  WARN 32212 --- [JPA-Demo] [restartedMain] JpaBaseConfiguration$JpaWebConfiguration : spring.jpa.open-in-view is enabled by default. Therefore, database queries may be performed during view rendering. Explicitly configure spring.jpa.open-in-view to disable this warning
2025-10-23T15:43:46.132-04:00  INFO 32212 --- [JPA-Demo] [restartedMain] o.s.b.d.a.OptionalLiveReloadServer       : LiveReload server is running on port 35729
2025-10-23T15:43:46.164-04:00  INFO 32212 --- [JPA-Demo] [restartedMain] o.s.b.w.embedded.tomcat.TomcatWebServer  : Tomcat started on port 8080 (http) with context path '/'
2025-10-23T15:43:46.170-04:00  INFO 32212 --- [JPA-Demo] [restartedMain] org.example.jpademo.JpaDemoApplication   : Started JpaDemoApplication in 4.877 seconds (process running for 6.817)
2025-10-23T15:43:54.470-04:00  INFO 32212 --- [JPA-Demo] [http-nio-8080-exec-2] o.a.c.c.C.[Tomcat].[localhost].[/]       : Initializing Spring DispatcherServlet 'dispatcherServlet'
2025-10-23T15:43:54.471-04:00  INFO 32212 --- [JPA-Demo] [http-nio-8080-exec-2] o.s.web.servlet.DispatcherServlet        : Initializing Servlet 'dispatcherServlet'
2025-10-23T15:43:54.472-04:00  INFO 32212 --- [JPA-Demo] [http-nio-8080-exec-2] o.s.web.servlet.DispatcherServlet        : Completed initialization in 1 ms
2025-10-23T15:43:54.758-04:00  INFO 32212 --- [JPA-Demo] [http-nio-8080-exec-2] o.e.j.controller.PokemonController       : Pokemon received Successfully
2025-10-23T15:44:01.514-04:00  INFO 32212 --- [JPA-Demo] [http-nio-8080-exec-3] o.e.j.controller.PokemonController       : Pokemon received Successfully
2025-10-23T15:44:11.243-04:00  INFO 32212 --- [JPA-Demo] [http-nio-8080-exec-1] o.e.j.controller.PokemonController       : Pokemon received Successfully
2025-10-23T15:44:38.101-04:00  INFO 32212 --- [JPA-Demo] [File Watcher] rtingClassPathChangeChangedEventListener : Restarting due to 1 class path change (0 additions, 0 deletions, 1 modification)
2025-10-23T15:44:38.108-04:00  INFO 32212 --- [JPA-Demo] [Thread-5] o.s.b.w.e.tomcat.GracefulShutdown        : Commencing graceful shutdown. Waiting for active requests to complete
2025-10-23T15:44:38.128-04:00  INFO 32212 --- [JPA-Demo] [tomcat-shutdown] o.s.b.w.e.tomcat.GracefulShutdown        : Graceful shutdown complete
2025-10-23T15:44:38.136-04:00  INFO 32212 --- [JPA-Demo] [Thread-5] j.LocalContainerEntityManagerFactoryBean : Closing JPA EntityManagerFactory for persistence unit 'default'
2025-10-23T15:44:38.141-04:00  INFO 32212 --- [JPA-Demo] [Thread-5] com.zaxxer.hikari.HikariDataSource       : HikariPool-1 - Shutdown initiated...
2025-10-23T15:44:38.159-04:00  INFO 32212 --- [JPA-Demo] [Thread-5] com.zaxxer.hikari.HikariDataSource       : HikariPool-1 - Shutdown completed.
2025-10-23T15:44:38.296-04:00  INFO 32212 --- [JPA-Demo] [restartedMain] org.example.jpademo.JpaDemoApplication   : Starting JpaDemoApplication using Java 25 with PID 32212 (C:\Users\murta\Dropbox\PC\Downloads\College Course Books & Materials\Java\JPA-Demo\target\classes started by murta in C:\Users\murta\Dropbox\PC\Downloads\College Course Books & Materials\Java\JPA-Demo)
2025-10-23T15:44:38.296-04:00  INFO 32212 --- [JPA-Demo] [restartedMain] org.example.jpademo.JpaDemoApplication   : No active profile set, falling back to 1 default profile: "default"
2025-10-23T15:44:38.489-04:00  INFO 32212 --- [JPA-Demo] [restartedMain] .s.d.r.c.RepositoryConfigurationDelegate : Bootstrapping Spring Data JPA repositories in DEFAULT mode.
2025-10-23T15:44:38.500-04:00  INFO 32212 --- [JPA-Demo] [restartedMain] .s.d.r.c.RepositoryConfigurationDelegate : Finished Spring Data repository scanning in 10 ms. Found 2 JPA repository interfaces.
2025-10-23T15:44:38.583-04:00  INFO 32212 --- [JPA-Demo] [restartedMain] o.s.b.w.embedded.tomcat.TomcatWebServer  : Tomcat initialized with port 8080 (http)
2025-10-23T15:44:38.585-04:00  INFO 32212 --- [JPA-Demo] [restartedMain] o.apache.catalina.core.StandardService   : Starting service [Tomcat]
2025-10-23T15:44:38.585-04:00  INFO 32212 --- [JPA-Demo] [restartedMain] o.apache.catalina.core.StandardEngine    : Starting Servlet engine: [Apache Tomcat/10.1.46]
2025-10-23T15:44:38.601-04:00  INFO 32212 --- [JPA-Demo] [restartedMain] o.a.c.c.C.[Tomcat].[localhost].[/]       : Initializing Spring embedded WebApplicationContext
2025-10-23T15:44:38.601-04:00  INFO 32212 --- [JPA-Demo] [restartedMain] w.s.c.ServletWebServerApplicationContext : Root WebApplicationContext: initialization completed in 303 ms
2025-10-23T15:44:38.627-04:00  INFO 32212 --- [JPA-Demo] [restartedMain] o.hibernate.jpa.internal.util.LogHelper  : HHH000204: Processing PersistenceUnitInfo [name: default]
2025-10-23T15:44:38.630-04:00  INFO 32212 --- [JPA-Demo] [restartedMain] o.h.c.internal.RegionFactoryInitiator    : HHH000026: Second-level cache disabled
2025-10-23T15:44:38.642-04:00  INFO 32212 --- [JPA-Demo] [restartedMain] o.s.o.j.p.SpringPersistenceUnitInfo      : No LoadTimeWeaver setup: ignoring JPA class transformer
2025-10-23T15:44:38.644-04:00  INFO 32212 --- [JPA-Demo] [restartedMain] com.zaxxer.hikari.HikariDataSource       : HikariPool-2 - Starting...
2025-10-23T15:44:38.671-04:00  INFO 32212 --- [JPA-Demo] [restartedMain] com.zaxxer.hikari.pool.HikariPool        : HikariPool-2 - Added connection com.mysql.cj.jdbc.ConnectionImpl@503e3adc
2025-10-23T15:44:38.671-04:00  INFO 32212 --- [JPA-Demo] [restartedMain] com.zaxxer.hikari.HikariDataSource       : HikariPool-2 - Start completed.
2025-10-23T15:44:38.673-04:00  INFO 32212 --- [JPA-Demo] [restartedMain] org.hibernate.orm.connections.pooling    : HHH10001005: Database info:
	Database JDBC URL [Connecting through datasource 'HikariDataSource (HikariPool-2)']
	Database driver: undefined/unknown
	Database version: 8.0.34
	Autocommit mode: undefined/unknown
	Isolation level: undefined/unknown
	Minimum pool size: undefined/unknown
	Maximum pool size: undefined/unknown
2025-10-23T15:44:38.722-04:00  INFO 32212 --- [JPA-Demo] [restartedMain] o.h.e.t.j.p.i.JtaPlatformInitiator       : HHH000489: No JTA platform available (set 'hibernate.transaction.jta.platform' to enable JTA platform integration)
2025-10-23T15:44:38.756-04:00  INFO 32212 --- [JPA-Demo] [restartedMain] j.LocalContainerEntityManagerFactoryBean : Initialized JPA EntityManagerFactory for persistence unit 'default'
2025-10-23T15:44:38.819-04:00  WARN 32212 --- [JPA-Demo] [restartedMain] JpaBaseConfiguration$JpaWebConfiguration : spring.jpa.open-in-view is enabled by default. Therefore, database queries may be performed during view rendering. Explicitly configure spring.jpa.open-in-view to disable this warning
2025-10-23T15:44:38.883-04:00  INFO 32212 --- [JPA-Demo] [restartedMain] o.s.b.d.a.OptionalLiveReloadServer       : LiveReload server is running on port 35729
2025-10-23T15:44:38.892-04:00  INFO 32212 --- [JPA-Demo] [restartedMain] o.s.b.w.embedded.tomcat.TomcatWebServer  : Tomcat started on port 8080 (http) with context path '/'
2025-10-23T15:44:38.895-04:00  INFO 32212 --- [JPA-Demo] [restartedMain] org.example.jpademo.JpaDemoApplication   : Started JpaDemoApplication in 0.657 seconds (process running for 59.541)
2025-10-23T15:44:38.896-04:00  INFO 32212 --- [JPA-Demo] [restartedMain] .ConditionEvaluationDeltaLoggingListener : Condition evaluation unchanged
2025-10-23T15:44:50.378-04:00  INFO 32212 --- [JPA-Demo] [File Watcher] rtingClassPathChangeChangedEventListener : Restarting due to 1 class path change (0 additions, 0 deletions, 1 modification)
2025-10-23T15:44:50.380-04:00  INFO 32212 --- [JPA-Demo] [Thread-7] o.s.b.w.e.tomcat.GracefulShutdown        : Commencing graceful shutdown. Waiting for active requests to complete
2025-10-23T15:44:50.385-04:00  INFO 32212 --- [JPA-Demo] [tomcat-shutdown] o.s.b.w.e.tomcat.GracefulShutdown        : Graceful shutdown complete
2025-10-23T15:44:50.387-04:00  INFO 32212 --- [JPA-Demo] [Thread-7] j.LocalContainerEntityManagerFactoryBean : Closing JPA EntityManagerFactory for persistence unit 'default'
2025-10-23T15:44:50.387-04:00  INFO 32212 --- [JPA-Demo] [Thread-7] com.zaxxer.hikari.HikariDataSource       : HikariPool-2 - Shutdown initiated...
2025-10-23T15:44:50.394-04:00  INFO 32212 --- [JPA-Demo] [Thread-7] com.zaxxer.hikari.HikariDataSource       : HikariPool-2 - Shutdown completed.
2025-10-23T15:44:50.490-04:00  INFO 32212 --- [JPA-Demo] [restartedMain] org.example.jpademo.JpaDemoApplication   : Starting JpaDemoApplication using Java 25 with PID 32212 (C:\Users\murta\Dropbox\PC\Downloads\College Course Books & Materials\Java\JPA-Demo\target\classes started by murta in C:\Users\murta\Dropbox\PC\Downloads\College Course Books & Materials\Java\JPA-Demo)
2025-10-23T15:44:50.490-04:00  INFO 32212 --- [JPA-Demo] [restartedMain] org.example.jpademo.JpaDemoApplication   : No active profile set, falling back to 1 default profile: "default"
2025-10-23T15:44:50.628-04:00  INFO 32212 --- [JPA-Demo] [restartedMain] .s.d.r.c.RepositoryConfigurationDelegate : Bootstrapping Spring Data JPA repositories in DEFAULT mode.
2025-10-23T15:44:50.640-04:00  INFO 32212 --- [JPA-Demo] [restartedMain] .s.d.r.c.RepositoryConfigurationDelegate : Finished Spring Data repository scanning in 10 ms. Found 2 JPA repository interfaces.
2025-10-23T15:44:50.708-04:00  INFO 32212 --- [JPA-Demo] [restartedMain] o.s.b.w.embedded.tomcat.TomcatWebServer  : Tomcat initialized with port 8080 (http)
2025-10-23T15:44:50.708-04:00  INFO 32212 --- [JPA-Demo] [restartedMain] o.apache.catalina.core.StandardService   : Starting service [Tomcat]
2025-10-23T15:44:50.708-04:00  INFO 32212 --- [JPA-Demo] [restartedMain] o.apache.catalina.core.StandardEngine    : Starting Servlet engine: [Apache Tomcat/10.1.46]
2025-10-23T15:44:50.724-04:00  INFO 32212 --- [JPA-Demo] [restartedMain] o.a.c.c.C.[Tomcat].[localhost].[/]       : Initializing Spring embedded WebApplicationContext
2025-10-23T15:44:50.724-04:00  INFO 32212 --- [JPA-Demo] [restartedMain] w.s.c.ServletWebServerApplicationContext : Root WebApplicationContext: initialization completed in 232 ms
2025-10-23T15:44:50.750-04:00  INFO 32212 --- [JPA-Demo] [restartedMain] o.hibernate.jpa.internal.util.LogHelper  : HHH000204: Processing PersistenceUnitInfo [name: default]
2025-10-23T15:44:50.753-04:00  INFO 32212 --- [JPA-Demo] [restartedMain] o.h.c.internal.RegionFactoryInitiator    : HHH000026: Second-level cache disabled
2025-10-23T15:44:50.759-04:00  INFO 32212 --- [JPA-Demo] [restartedMain] o.s.o.j.p.SpringPersistenceUnitInfo      : No LoadTimeWeaver setup: ignoring JPA class transformer
2025-10-23T15:44:50.761-04:00  INFO 32212 --- [JPA-Demo] [restartedMain] com.zaxxer.hikari.HikariDataSource       : HikariPool-3 - Starting...
2025-10-23T15:44:50.781-04:00  INFO 32212 --- [JPA-Demo] [restartedMain] com.zaxxer.hikari.pool.HikariPool        : HikariPool-3 - Added connection com.mysql.cj.jdbc.ConnectionImpl@d679ab4
2025-10-23T15:44:50.782-04:00  INFO 32212 --- [JPA-Demo] [restartedMain] com.zaxxer.hikari.HikariDataSource       : HikariPool-3 - Start completed.
2025-10-23T15:44:50.783-04:00  INFO 32212 --- [JPA-Demo] [restartedMain] org.hibernate.orm.connections.pooling    : HHH10001005: Database info:
	Database JDBC URL [Connecting through datasource 'HikariDataSource (HikariPool-3)']
	Database driver: undefined/unknown
	Database version: 8.0.34
	Autocommit mode: undefined/unknown
	Isolation level: undefined/unknown
	Minimum pool size: undefined/unknown
	Maximum pool size: undefined/unknown
2025-10-23T15:44:50.818-04:00  INFO 32212 --- [JPA-Demo] [restartedMain] o.h.e.t.j.p.i.JtaPlatformInitiator       : HHH000489: No JTA platform available (set 'hibernate.transaction.jta.platform' to enable JTA platform integration)
2025-10-23T15:44:50.868-04:00  INFO 32212 --- [JPA-Demo] [restartedMain] j.LocalContainerEntityManagerFactoryBean : Initialized JPA EntityManagerFactory for persistence unit 'default'
2025-10-23T15:44:50.922-04:00  WARN 32212 --- [JPA-Demo] [restartedMain] JpaBaseConfiguration$JpaWebConfiguration : spring.jpa.open-in-view is enabled by default. Therefore, database queries may be performed during view rendering. Explicitly configure spring.jpa.open-in-view to disable this warning
2025-10-23T15:44:50.988-04:00  INFO 32212 --- [JPA-Demo] [restartedMain] o.s.b.d.a.OptionalLiveReloadServer       : LiveReload server is running on port 35729
2025-10-23T15:44:50.998-04:00  INFO 32212 --- [JPA-Demo] [restartedMain] o.s.b.w.embedded.tomcat.TomcatWebServer  : Tomcat started on port 8080 (http) with context path '/'
2025-10-23T15:44:51.000-04:00  INFO 32212 --- [JPA-Demo] [restartedMain] org.example.jpademo.JpaDemoApplication   : Started JpaDemoApplication in 0.547 seconds (process running for 71.648)
2025-10-23T15:44:51.001-04:00  INFO 32212 --- [JPA-Demo] [restartedMain] .ConditionEvaluationDeltaLoggingListener : Condition evaluation unchanged
2025-10-23T15:45:09.815-04:00  INFO 32212 --- [JPA-Demo] [SpringApplicationShutdownHook] o.s.b.w.e.tomcat.GracefulShutdown        : Commencing graceful shutdown. Waiting for active requests to complete
2025-10-23T15:45:09.821-04:00  INFO 32212 --- [JPA-Demo] [tomcat-shutdown] o.s.b.w.e.tomcat.GracefulShutdown        : Graceful shutdown complete
2025-10-23T15:45:09.823-04:00  INFO 32212 --- [JPA-Demo] [SpringApplicationShutdownHook] j.LocalContainerEntityManagerFactoryBean : Closing JPA EntityManagerFactory for persistence unit 'default'
2025-10-23T15:45:09.824-04:00  INFO 32212 --- [JPA-Demo] [SpringApplicationShutdownHook] com.zaxxer.hikari.HikariDataSource       : HikariPool-3 - Shutdown initiated...
2025-10-23T15:45:09.829-04:00  INFO 32212 --- [JPA-Demo] [SpringApplicationShutdownHook] com.zaxxer.hikari.HikariDataSource       : HikariPool-3 - Shutdown completed.
2025-10-23T15:45:15.076-04:00  WARN 17624 --- [JPA-Demo] [restartedMain] JpaBaseConfiguration$JpaWebConfiguration : spring.jpa.open-in-view is enabled by default. Therefore, database queries may be performed during view rendering. Explicitly configure spring.jpa.open-in-view to disable this warning
