2025-11-04T17:55:33.913-05:00  INFO 28440 --- [JPA-Demo] [restartedMain] org.example.jpademo.JpaDemoApplication   : Starting JpaDemoApplication using Java 25 with PID 28440 (C:\Users\murta\Dropbox\PC\Downloads\College Course Books & Materials\Java\JPA-Demo\target\classes started by murta in C:\Users\murta\Dropbox\PC\Downloads\College Course Books & Materials\Java\JPA-Demo)
2025-11-04T17:55:33.917-05:00  INFO 28440 --- [JPA-Demo] [restartedMain] org.example.jpademo.JpaDemoApplication   : No active profile set, falling back to 1 default profile: "default"
2025-11-04T17:55:33.970-05:00  INFO 28440 --- [JPA-Demo] [restartedMain] .e.DevToolsPropertyDefaultsPostProcessor : Devtools property defaults active! Set 'spring.devtools.add-properties' to 'false' to disable
2025-11-04T17:55:33.970-05:00  INFO 28440 --- [JPA-Demo] [restartedMain] .e.DevToolsPropertyDefaultsPostProcessor : For additional web related logging consider setting the 'logging.level.web' property to 'DEBUG'
2025-11-04T17:55:34.977-05:00  INFO 28440 --- [JPA-Demo] [restartedMain] .s.d.r.c.RepositoryConfigurationDelegate : Bootstrapping Spring Data JPA repositories in DEFAULT mode.
2025-11-04T17:55:35.037-05:00  INFO 28440 --- [JPA-Demo] [restartedMain] .s.d.r.c.RepositoryConfigurationDelegate : Finished Spring Data repository scanning in 50 ms. Found 2 JPA repository interfaces.
2025-11-04T17:55:35.571-05:00  INFO 28440 --- [JPA-Demo] [restartedMain] o.s.b.w.embedded.tomcat.TomcatWebServer  : Tomcat initialized with port 8080 (http)
2025-11-04T17:55:35.584-05:00  INFO 28440 --- [JPA-Demo] [restartedMain] o.apache.catalina.core.StandardService   : Starting service [Tomcat]
2025-11-04T17:55:35.585-05:00  INFO 28440 --- [JPA-Demo] [restartedMain] o.apache.catalina.core.StandardEngine    : Starting Servlet engine: [Apache Tomcat/10.1.46]
2025-11-04T17:55:35.637-05:00  INFO 28440 --- [JPA-Demo] [restartedMain] o.a.c.c.C.[Tomcat].[localhost].[/]       : Initializing Spring embedded WebApplicationContext
2025-11-04T17:55:35.638-05:00  INFO 28440 --- [JPA-Demo] [restartedMain] w.s.c.ServletWebServerApplicationContext : Root WebApplicationContext: initialization completed in 1667 ms
2025-11-04T17:55:35.799-05:00  INFO 28440 --- [JPA-Demo] [restartedMain] o.hibernate.jpa.internal.util.LogHelper  : HHH000204: Processing PersistenceUnitInfo [name: default]
2025-11-04T17:55:35.864-05:00  INFO 28440 --- [JPA-Demo] [restartedMain] org.hibernate.Version                    : HHH000412: Hibernate ORM core version 6.6.29.Final
2025-11-04T17:55:35.899-05:00  INFO 28440 --- [JPA-Demo] [restartedMain] o.h.c.internal.RegionFactoryInitiator    : HHH000026: Second-level cache disabled
2025-11-04T17:55:36.182-05:00  INFO 28440 --- [JPA-Demo] [restartedMain] o.s.o.j.p.SpringPersistenceUnitInfo      : No LoadTimeWeaver setup: ignoring JPA class transformer
2025-11-04T17:55:36.213-05:00  INFO 28440 --- [JPA-Demo] [restartedMain] com.zaxxer.hikari.HikariDataSource       : HikariPool-1 - Starting...
2025-11-04T17:55:36.723-05:00  INFO 28440 --- [JPA-Demo] [restartedMain] com.zaxxer.hikari.pool.HikariPool        : HikariPool-1 - Added connection com.mysql.cj.jdbc.ConnectionImpl@739671c0
2025-11-04T17:55:36.725-05:00  INFO 28440 --- [JPA-Demo] [restartedMain] com.zaxxer.hikari.HikariDataSource       : HikariPool-1 - Start completed.
2025-11-04T17:55:36.851-05:00  INFO 28440 --- [JPA-Demo] [restartedMain] org.hibernate.orm.connections.pooling    : HHH10001005: Database info:
	Database JDBC URL [Connecting through datasource 'HikariDataSource (HikariPool-1)']
	Database driver: undefined/unknown
	Database version: 8.0.34
	Autocommit mode: undefined/unknown
	Isolation level: undefined/unknown
	Minimum pool size: undefined/unknown
	Maximum pool size: undefined/unknown
2025-11-04T17:55:37.764-05:00  INFO 28440 --- [JPA-Demo] [restartedMain] o.h.e.t.j.p.i.JtaPlatformInitiator       : HHH000489: No JTA platform available (set 'hibernate.transaction.jta.platform' to enable JTA platform integration)
2025-11-04T17:55:37.878-05:00  INFO 28440 --- [JPA-Demo] [restartedMain] j.LocalContainerEntityManagerFactoryBean : Initialized JPA EntityManagerFactory for persistence unit 'default'
2025-11-04T17:55:38.367-05:00  WARN 28440 --- [JPA-Demo] [restartedMain] JpaBaseConfiguration$JpaWebConfiguration : spring.jpa.open-in-view is enabled by default. Therefore, database queries may be performed during view rendering. Explicitly configure spring.jpa.open-in-view to disable this warning
2025-11-04T17:55:38.730-05:00  INFO 28440 --- [JPA-Demo] [restartedMain] o.s.b.a.h2.H2ConsoleAutoConfiguration    : H2 console available at '/h2-console'. Database available at 'jdbc:mysql://localhost:3306/pokemon'
2025-11-04T17:55:38.786-05:00  INFO 28440 --- [JPA-Demo] [restartedMain] o.s.b.d.a.OptionalLiveReloadServer       : LiveReload server is running on port 35729
2025-11-04T17:55:38.820-05:00  INFO 28440 --- [JPA-Demo] [restartedMain] o.s.b.w.embedded.tomcat.TomcatWebServer  : Tomcat started on port 8080 (http) with context path '/'
2025-11-04T17:55:38.827-05:00  INFO 28440 --- [JPA-Demo] [restartedMain] org.example.jpademo.JpaDemoApplication   : Started JpaDemoApplication in 5.378 seconds (process running for 7.444)
2025-11-04T17:55:44.240-05:00  INFO 28440 --- [JPA-Demo] [File Watcher] rtingClassPathChangeChangedEventListener : Restarting due to 25 class path changes (0 additions, 23 deletions, 2 modifications)
2025-11-04T17:55:44.244-05:00  INFO 28440 --- [JPA-Demo] [Thread-5] o.s.b.w.e.tomcat.GracefulShutdown        : Commencing graceful shutdown. Waiting for active requests to complete
2025-11-04T17:55:44.256-05:00  INFO 28440 --- [JPA-Demo] [tomcat-shutdown] o.s.b.w.e.tomcat.GracefulShutdown        : Graceful shutdown complete
2025-11-04T17:55:44.259-05:00  INFO 28440 --- [JPA-Demo] [Thread-5] j.LocalContainerEntityManagerFactoryBean : Closing JPA EntityManagerFactory for persistence unit 'default'
2025-11-04T17:55:44.262-05:00  INFO 28440 --- [JPA-Demo] [Thread-5] com.zaxxer.hikari.HikariDataSource       : HikariPool-1 - Shutdown initiated...
2025-11-04T17:55:44.270-05:00  INFO 28440 --- [JPA-Demo] [Thread-5] com.zaxxer.hikari.HikariDataSource       : HikariPool-1 - Shutdown completed.
2025-11-04T17:55:44.349-05:00  INFO 28440 --- [JPA-Demo] [restartedMain] org.example.jpademo.JpaDemoApplication   : Starting JpaDemoApplication using Java 25 with PID 28440 (C:\Users\murta\Dropbox\PC\Downloads\College Course Books & Materials\Java\JPA-Demo\target\classes started by murta in C:\Users\murta\Dropbox\PC\Downloads\College Course Books & Materials\Java\JPA-Demo)
2025-11-04T17:55:44.350-05:00  INFO 28440 --- [JPA-Demo] [restartedMain] org.example.jpademo.JpaDemoApplication   : No active profile set, falling back to 1 default profile: "default"
2025-11-04T17:55:44.545-05:00  INFO 28440 --- [JPA-Demo] [restartedMain] .s.d.r.c.RepositoryConfigurationDelegate : Bootstrapping Spring Data JPA repositories in DEFAULT mode.
2025-11-04T17:55:44.548-05:00  INFO 28440 --- [JPA-Demo] [restartedMain] .s.d.r.c.RepositoryConfigurationDelegate : Finished Spring Data repository scanning in 0 ms. Found 0 JPA repository interfaces.
2025-11-04T17:55:44.619-05:00  INFO 28440 --- [JPA-Demo] [restartedMain] o.s.b.w.embedded.tomcat.TomcatWebServer  : Tomcat initialized with port 8080 (http)
2025-11-04T17:55:44.620-05:00  INFO 28440 --- [JPA-Demo] [restartedMain] o.apache.catalina.core.StandardService   : Starting service [Tomcat]
2025-11-04T17:55:44.620-05:00  INFO 28440 --- [JPA-Demo] [restartedMain] o.apache.catalina.core.StandardEngine    : Starting Servlet engine: [Apache Tomcat/10.1.46]
2025-11-04T17:55:44.641-05:00  INFO 28440 --- [JPA-Demo] [restartedMain] o.a.c.c.C.[Tomcat].[localhost].[/]       : Initializing Spring embedded WebApplicationContext
2025-11-04T17:55:44.642-05:00  INFO 28440 --- [JPA-Demo] [restartedMain] w.s.c.ServletWebServerApplicationContext : Root WebApplicationContext: initialization completed in 290 ms
2025-11-04T17:55:44.667-05:00  INFO 28440 --- [JPA-Demo] [restartedMain] o.hibernate.jpa.internal.util.LogHelper  : HHH000204: Processing PersistenceUnitInfo [name: default]
2025-11-04T17:55:44.672-05:00  INFO 28440 --- [JPA-Demo] [restartedMain] o.h.c.internal.RegionFactoryInitiator    : HHH000026: Second-level cache disabled
2025-11-04T17:55:44.682-05:00  INFO 28440 --- [JPA-Demo] [restartedMain] o.s.o.j.p.SpringPersistenceUnitInfo      : No LoadTimeWeaver setup: ignoring JPA class transformer
2025-11-04T17:55:44.683-05:00  INFO 28440 --- [JPA-Demo] [restartedMain] com.zaxxer.hikari.HikariDataSource       : HikariPool-2 - Starting...
2025-11-04T17:55:44.701-05:00  INFO 28440 --- [JPA-Demo] [restartedMain] com.zaxxer.hikari.pool.HikariPool        : HikariPool-2 - Added connection com.mysql.cj.jdbc.ConnectionImpl@187b8f95
2025-11-04T17:55:44.702-05:00  INFO 28440 --- [JPA-Demo] [restartedMain] com.zaxxer.hikari.HikariDataSource       : HikariPool-2 - Start completed.
2025-11-04T17:55:44.703-05:00  INFO 28440 --- [JPA-Demo] [restartedMain] org.hibernate.orm.connections.pooling    : HHH10001005: Database info:
	Database JDBC URL [Connecting through datasource 'HikariDataSource (HikariPool-2)']
	Database driver: undefined/unknown
	Database version: 8.0.34
	Autocommit mode: undefined/unknown
	Isolation level: undefined/unknown
	Minimum pool size: undefined/unknown
	Maximum pool size: undefined/unknown
2025-11-04T17:55:44.719-05:00  INFO 28440 --- [JPA-Demo] [restartedMain] o.h.e.t.j.p.i.JtaPlatformInitiator       : HHH000489: No JTA platform available (set 'hibernate.transaction.jta.platform' to enable JTA platform integration)
2025-11-04T17:55:44.720-05:00  INFO 28440 --- [JPA-Demo] [restartedMain] j.LocalContainerEntityManagerFactoryBean : Initialized JPA EntityManagerFactory for persistence unit 'default'
2025-11-04T17:55:44.748-05:00  WARN 28440 --- [JPA-Demo] [restartedMain] JpaBaseConfiguration$JpaWebConfiguration : spring.jpa.open-in-view is enabled by default. Therefore, database queries may be performed during view rendering. Explicitly configure spring.jpa.open-in-view to disable this warning
2025-11-04T17:55:44.848-05:00  INFO 28440 --- [JPA-Demo] [restartedMain] o.s.b.a.h2.H2ConsoleAutoConfiguration    : H2 console available at '/h2-console'. Database available at 'jdbc:mysql://localhost:3306/pokemon'
2025-11-04T17:55:44.860-05:00  INFO 28440 --- [JPA-Demo] [restartedMain] o.s.b.d.a.OptionalLiveReloadServer       : LiveReload server is running on port 35729
2025-11-04T17:55:44.869-05:00  INFO 28440 --- [JPA-Demo] [restartedMain] o.s.b.w.embedded.tomcat.TomcatWebServer  : Tomcat started on port 8080 (http) with context path '/'
2025-11-04T17:55:44.871-05:00  INFO 28440 --- [JPA-Demo] [restartedMain] org.example.jpademo.JpaDemoApplication   : Started JpaDemoApplication in 0.551 seconds (process running for 13.488)
2025-11-04T17:55:44.873-05:00  INFO 28440 --- [JPA-Demo] [restartedMain] .ConditionEvaluationDeltaLoggingListener : Condition evaluation unchanged
2025-11-04T17:55:47.283-05:00  INFO 28440 --- [JPA-Demo] [File Watcher] rtingClassPathChangeChangedEventListener : Restarting due to 23 class path changes (23 additions, 0 deletions, 0 modifications)
2025-11-04T17:55:47.284-05:00  INFO 28440 --- [JPA-Demo] [Thread-7] o.s.b.w.e.tomcat.GracefulShutdown        : Commencing graceful shutdown. Waiting for active requests to complete
2025-11-04T17:55:47.289-05:00  INFO 28440 --- [JPA-Demo] [tomcat-shutdown] o.s.b.w.e.tomcat.GracefulShutdown        : Graceful shutdown complete
2025-11-04T17:55:47.290-05:00  INFO 28440 --- [JPA-Demo] [Thread-7] j.LocalContainerEntityManagerFactoryBean : Closing JPA EntityManagerFactory for persistence unit 'default'
2025-11-04T17:55:47.291-05:00  INFO 28440 --- [JPA-Demo] [Thread-7] com.zaxxer.hikari.HikariDataSource       : HikariPool-2 - Shutdown initiated...
2025-11-04T17:55:47.296-05:00  INFO 28440 --- [JPA-Demo] [Thread-7] com.zaxxer.hikari.HikariDataSource       : HikariPool-2 - Shutdown completed.
2025-11-04T17:55:47.358-05:00  INFO 28440 --- [JPA-Demo] [restartedMain] org.example.jpademo.JpaDemoApplication   : Starting JpaDemoApplication using Java 25 with PID 28440 (C:\Users\murta\Dropbox\PC\Downloads\College Course Books & Materials\Java\JPA-Demo\target\classes started by murta in C:\Users\murta\Dropbox\PC\Downloads\College Course Books & Materials\Java\JPA-Demo)
2025-11-04T17:55:47.358-05:00  INFO 28440 --- [JPA-Demo] [restartedMain] org.example.jpademo.JpaDemoApplication   : No active profile set, falling back to 1 default profile: "default"
2025-11-04T17:55:47.524-05:00  INFO 28440 --- [JPA-Demo] [restartedMain] .s.d.r.c.RepositoryConfigurationDelegate : Bootstrapping Spring Data JPA repositories in DEFAULT mode.
2025-11-04T17:55:47.535-05:00  INFO 28440 --- [JPA-Demo] [restartedMain] .s.d.r.c.RepositoryConfigurationDelegate : Finished Spring Data repository scanning in 10 ms. Found 2 JPA repository interfaces.
2025-11-04T17:55:47.600-05:00  INFO 28440 --- [JPA-Demo] [restartedMain] o.s.b.w.embedded.tomcat.TomcatWebServer  : Tomcat initialized with port 8080 (http)
2025-11-04T17:55:47.600-05:00  INFO 28440 --- [JPA-Demo] [restartedMain] o.apache.catalina.core.StandardService   : Starting service [Tomcat]
2025-11-04T17:55:47.601-05:00  INFO 28440 --- [JPA-Demo] [restartedMain] o.apache.catalina.core.StandardEngine    : Starting Servlet engine: [Apache Tomcat/10.1.46]
2025-11-04T17:55:47.618-05:00  INFO 28440 --- [JPA-Demo] [restartedMain] o.a.c.c.C.[Tomcat].[localhost].[/]       : Initializing Spring embedded WebApplicationContext
2025-11-04T17:55:47.618-05:00  INFO 28440 --- [JPA-Demo] [restartedMain] w.s.c.ServletWebServerApplicationContext : Root WebApplicationContext: initialization completed in 258 ms
2025-11-04T17:55:47.642-05:00  INFO 28440 --- [JPA-Demo] [restartedMain] o.hibernate.jpa.internal.util.LogHelper  : HHH000204: Processing PersistenceUnitInfo [name: default]
2025-11-04T17:55:47.644-05:00  INFO 28440 --- [JPA-Demo] [restartedMain] o.h.c.internal.RegionFactoryInitiator    : HHH000026: Second-level cache disabled
2025-11-04T17:55:47.650-05:00  INFO 28440 --- [JPA-Demo] [restartedMain] o.s.o.j.p.SpringPersistenceUnitInfo      : No LoadTimeWeaver setup: ignoring JPA class transformer
2025-11-04T17:55:47.651-05:00  INFO 28440 --- [JPA-Demo] [restartedMain] com.zaxxer.hikari.HikariDataSource       : HikariPool-3 - Starting...
2025-11-04T17:55:47.666-05:00  INFO 28440 --- [JPA-Demo] [restartedMain] com.zaxxer.hikari.pool.HikariPool        : HikariPool-3 - Added connection com.mysql.cj.jdbc.ConnectionImpl@3d36fe48
2025-11-04T17:55:47.666-05:00  INFO 28440 --- [JPA-Demo] [restartedMain] com.zaxxer.hikari.HikariDataSource       : HikariPool-3 - Start completed.
2025-11-04T17:55:47.668-05:00  INFO 28440 --- [JPA-Demo] [restartedMain] org.hibernate.orm.connections.pooling    : HHH10001005: Database info:
	Database JDBC URL [Connecting through datasource 'HikariDataSource (HikariPool-3)']
	Database driver: undefined/unknown
	Database version: 8.0.34
	Autocommit mode: undefined/unknown
	Isolation level: undefined/unknown
	Minimum pool size: undefined/unknown
	Maximum pool size: undefined/unknown
2025-11-04T17:55:47.713-05:00  INFO 28440 --- [JPA-Demo] [restartedMain] o.h.e.t.j.p.i.JtaPlatformInitiator       : HHH000489: No JTA platform available (set 'hibernate.transaction.jta.platform' to enable JTA platform integration)
2025-11-04T17:55:47.734-05:00  INFO 28440 --- [JPA-Demo] [restartedMain] j.LocalContainerEntityManagerFactoryBean : Initialized JPA EntityManagerFactory for persistence unit 'default'
2025-11-04T17:55:47.812-05:00  WARN 28440 --- [JPA-Demo] [restartedMain] JpaBaseConfiguration$JpaWebConfiguration : spring.jpa.open-in-view is enabled by default. Therefore, database queries may be performed during view rendering. Explicitly configure spring.jpa.open-in-view to disable this warning
2025-11-04T17:55:47.895-05:00  INFO 28440 --- [JPA-Demo] [restartedMain] o.s.b.a.h2.H2ConsoleAutoConfiguration    : H2 console available at '/h2-console'. Database available at 'jdbc:mysql://localhost:3306/pokemon'
2025-11-04T17:55:47.906-05:00  INFO 28440 --- [JPA-Demo] [restartedMain] o.s.b.d.a.OptionalLiveReloadServer       : LiveReload server is running on port 35729
2025-11-04T17:55:47.915-05:00  INFO 28440 --- [JPA-Demo] [restartedMain] o.s.b.w.embedded.tomcat.TomcatWebServer  : Tomcat started on port 8080 (http) with context path '/'
2025-11-04T17:55:47.918-05:00  INFO 28440 --- [JPA-Demo] [restartedMain] org.example.jpademo.JpaDemoApplication   : Started JpaDemoApplication in 0.577 seconds (process running for 16.534)
2025-11-04T17:55:47.918-05:00  INFO 28440 --- [JPA-Demo] [restartedMain] .ConditionEvaluationDeltaLoggingListener : Condition evaluation unchanged
2025-11-04T17:55:50.509-05:00 ERROR 8652 --- [JPA-Demo] [main] o.s.b.d.LoggingFailureAnalysisReporter   : 

***************************
APPLICATION FAILED TO START
***************************

Description:

Failed to bind properties under 'logging.level.filr' to org.springframework.boot.logging.LogLevel:

    Property: logging.level.filr
    Value: "ERORR"
    Origin: class path resource [application-test.properties] - 10:20
    Reason: failed to convert java.lang.String to org.springframework.boot.logging.LogLevel (caused by java.lang.IllegalArgumentException: No enum constant org.springframework.boot.logging.LogLevel.ERORR)

Action:

Update your application's configuration. The following values are valid:

    DEBUG
    ERROR
    FATAL
    INFO
    OFF
    TRACE
    WARN

2025-11-04T17:55:50.514-05:00  WARN 8652 --- [JPA-Demo] [main] o.s.test.context.TestContextManager      : Caught exception while allowing TestExecutionListener [org.springframework.test.context.support.DependencyInjectionTestExecutionListener] to prepare test instance [org.example.jpademo.PokemonRegionControllerIntegrationTest@56f2bbea]

java.lang.IllegalStateException: Failed to load ApplicationContext for [WebMergedContextConfiguration@6e4ea0bd testClass = org.example.jpademo.PokemonRegionControllerIntegrationTest, locations = [], classes = [org.example.jpademo.JpaDemoApplication], contextInitializerClasses = [], activeProfiles = ["test"], propertySourceDescriptors = [], propertySourceProperties = ["org.springframework.boot.test.context.SpringBootTestContextBootstrapper=true", "server.port=0"], contextCustomizers = [org.springframework.boot.test.context.filter.ExcludeFilterContextCustomizer@60f00693, org.springframework.boot.test.json.DuplicateJsonObjectContextCustomizerFactory$DuplicateJsonObjectContextCustomizer@aba625, org.springframework.boot.test.mock.mockito.MockitoContextCustomizer@0, org.springframework.boot.test.web.client.TestRestTemplateContextCustomizer@387a8303, org.springframework.boot.test.web.reactor.netty.DisableReactorResourceFactoryGlobalResourcesContextCustomizerFactory$DisableReactorResourceFactoryGlobalResourcesContextCustomizerCustomizer@169bb4dd, org.springframework.boot.test.autoconfigure.OnFailureConditionReportContextCustomizerFactory$OnFailureConditionReportContextCustomizer@d23e042, org.springframework.boot.test.autoconfigure.actuate.observability.ObservabilityContextCustomizerFactory$DisableObservabilityContextCustomizer@1f, org.springframework.boot.test.autoconfigure.properties.PropertyMappingContextCustomizer@0, org.springframework.boot.test.autoconfigure.web.servlet.WebDriverContextCustomizer@2fb0623e, org.springframework.test.context.support.DynamicPropertiesContextCustomizer@0, org.springframework.boot.test.context.SpringBootTestAnnotation@cc488228], resourceBasePath = "src/main/webapp", contextLoader = org.springframework.boot.test.context.SpringBootContextLoader, parent = null]
	at org.springframework.test.context.cache.DefaultCacheAwareContextLoaderDelegate.loadContext(DefaultCacheAwareContextLoaderDelegate.java:180) ~[spring-test-6.2.11.jar:6.2.11]
	at org.springframework.test.context.support.DefaultTestContext.getApplicationContext(DefaultTestContext.java:130) ~[spring-test-6.2.11.jar:6.2.11]
	at org.springframework.test.context.support.DependencyInjectionTestExecutionListener.injectDependencies(DependencyInjectionTestExecutionListener.java:155) ~[spring-test-6.2.11.jar:6.2.11]
	at org.springframework.test.context.support.DependencyInjectionTestExecutionListener.prepareTestInstance(DependencyInjectionTestExecutionListener.java:111) ~[spring-test-6.2.11.jar:6.2.11]
	at org.springframework.test.context.TestContextManager.prepareTestInstance(TestContextManager.java:260) ~[spring-test-6.2.11.jar:6.2.11]
	at org.springframework.test.context.junit.jupiter.SpringExtension.postProcessTestInstance(SpringExtension.java:159) ~[spring-test-6.2.11.jar:6.2.11]
	at org.junit.jupiter.engine.descriptor.ClassBasedTestDescriptor.lambda$invokeTestInstancePostProcessors$10(ClassBasedTestDescriptor.java:383) ~[junit-jupiter-engine-5.12.2.jar:5.12.2]
	at org.junit.jupiter.engine.descriptor.ClassBasedTestDescriptor.executeAndMaskThrowable(ClassBasedTestDescriptor.java:388) ~[junit-jupiter-engine-5.12.2.jar:5.12.2]
	at org.junit.jupiter.engine.descriptor.ClassBasedTestDescriptor.lambda$invokeTestInstancePostProcessors$11(ClassBasedTestDescriptor.java:382) ~[junit-jupiter-engine-5.12.2.jar:5.12.2]
	at java.base/java.util.stream.ForEachOps$ForEachOp$OfRef.accept(ForEachOps.java:186) ~[na:na]
	at java.base/java.util.stream.ReferencePipeline$3$1.accept(ReferencePipeline.java:214) ~[na:na]
	at java.base/java.util.stream.ReferencePipeline$2$1.accept(ReferencePipeline.java:197) ~[na:na]
	at java.base/java.util.stream.ReferencePipeline$3$1.accept(ReferencePipeline.java:214) ~[na:na]
	at java.base/java.util.ArrayList$ArrayListSpliterator.forEachRemaining(ArrayList.java:1716) ~[na:na]
	at java.base/java.util.stream.AbstractPipeline.copyInto(AbstractPipeline.java:570) ~[na:na]
	at java.base/java.util.stream.AbstractPipeline.wrapAndCopyInto(AbstractPipeline.java:560) ~[na:na]
	at java.base/java.util.stream.ForEachOps$ForEachOp.evaluateSequential(ForEachOps.java:153) ~[na:na]
	at java.base/java.util.stream.ForEachOps$ForEachOp$OfRef.evaluateSequential(ForEachOps.java:176) ~[na:na]
	at java.base/java.util.stream.AbstractPipeline.evaluate(AbstractPipeline.java:265) ~[na:na]
	at java.base/java.util.stream.ReferencePipeline.forEach(ReferencePipeline.java:632) ~[na:na]
	at org.junit.jupiter.engine.descriptor.ClassBasedTestDescriptor.invokeTestInstancePostProcessors(ClassBasedTestDescriptor.java:382) ~[junit-jupiter-engine-5.12.2.jar:5.12.2]
	at org.junit.jupiter.engine.descriptor.ClassBasedTestDescriptor.lambda$instantiateAndPostProcessTestInstance$6(ClassBasedTestDescriptor.java:293) ~[junit-jupiter-engine-5.12.2.jar:5.12.2]
	at org.junit.platform.engine.support.hierarchical.ThrowableCollector.execute(ThrowableCollector.java:73) ~[junit-platform-engine-1.12.2.jar:1.12.2]
	at org.junit.jupiter.engine.descriptor.ClassBasedTestDescriptor.instantiateAndPostProcessTestInstance(ClassBasedTestDescriptor.java:292) ~[junit-jupiter-engine-5.12.2.jar:5.12.2]
	at org.junit.jupiter.engine.descriptor.ClassBasedTestDescriptor.lambda$testInstancesProvider$4(ClassBasedTestDescriptor.java:281) ~[junit-jupiter-engine-5.12.2.jar:5.12.2]
	at java.base/java.util.Optional.orElseGet(Optional.java:364) ~[na:na]
	at org.junit.jupiter.engine.descriptor.ClassBasedTestDescriptor.lambda$testInstancesProvider$5(ClassBasedTestDescriptor.java:280) ~[junit-jupiter-engine-5.12.2.jar:5.12.2]
	at org.junit.jupiter.engine.execution.TestInstancesProvider.getTestInstances(TestInstancesProvider.java:27) ~[junit-jupiter-engine-5.12.2.jar:5.12.2]
	at org.junit.jupiter.engine.descriptor.TestMethodTestDescriptor.lambda$prepare$0(TestMethodTestDescriptor.java:112) ~[junit-jupiter-engine-5.12.2.jar:5.12.2]
	at org.junit.platform.engine.support.hierarchical.ThrowableCollector.execute(ThrowableCollector.java:73) ~[junit-platform-engine-1.12.2.jar:1.12.2]
	at org.junit.jupiter.engine.descriptor.TestMethodTestDescriptor.prepare(TestMethodTestDescriptor.java:111) ~[junit-jupiter-engine-5.12.2.jar:5.12.2]
	at org.junit.jupiter.engine.descriptor.TestMethodTestDescriptor.prepare(TestMethodTestDescriptor.java:69) ~[junit-jupiter-engine-5.12.2.jar:5.12.2]
	at org.junit.platform.engine.support.hierarchical.NodeTestTask.lambda$prepare$2(NodeTestTask.java:128) ~[junit-platform-engine-1.12.2.jar:1.12.2]
	at org.junit.platform.engine.support.hierarchical.ThrowableCollector.execute(ThrowableCollector.java:73) ~[junit-platform-engine-1.12.2.jar:1.12.2]
	at org.junit.platform.engine.support.hierarchical.NodeTestTask.prepare(NodeTestTask.java:128) ~[junit-platform-engine-1.12.2.jar:1.12.2]
	at org.junit.platform.engine.support.hierarchical.NodeTestTask.execute(NodeTestTask.java:95) ~[junit-platform-engine-1.12.2.jar:1.12.2]
	at java.base/java.util.ArrayList.forEach(ArrayList.java:1604) ~[na:na]
	at org.junit.platform.engine.support.hierarchical.SameThreadHierarchicalTestExecutorService.invokeAll(SameThreadHierarchicalTestExecutorService.java:41) ~[junit-platform-engine-1.12.2.jar:1.12.2]
	at org.junit.platform.engine.support.hierarchical.NodeTestTask.lambda$executeRecursively$6(NodeTestTask.java:160) ~[junit-platform-engine-1.12.2.jar:1.12.2]
	at org.junit.platform.engine.support.hierarchical.ThrowableCollector.execute(ThrowableCollector.java:73) ~[junit-platform-engine-1.12.2.jar:1.12.2]
	at org.junit.platform.engine.support.hierarchical.NodeTestTask.lambda$executeRecursively$8(NodeTestTask.java:146) ~[junit-platform-engine-1.12.2.jar:1.12.2]
	at org.junit.platform.engine.support.hierarchical.Node.around(Node.java:137) ~[junit-platform-engine-1.12.2.jar:1.12.2]
	at org.junit.platform.engine.support.hierarchical.NodeTestTask.lambda$executeRecursively$9(NodeTestTask.java:144) ~[junit-platform-engine-1.12.2.jar:1.12.2]
	at org.junit.platform.engine.support.hierarchical.ThrowableCollector.execute(ThrowableCollector.java:73) ~[junit-platform-engine-1.12.2.jar:1.12.2]
	at org.junit.platform.engine.support.hierarchical.NodeTestTask.executeRecursively(NodeTestTask.java:143) ~[junit-platform-engine-1.12.2.jar:1.12.2]
	at org.junit.platform.engine.support.hierarchical.NodeTestTask.execute(NodeTestTask.java:100) ~[junit-platform-engine-1.12.2.jar:1.12.2]
	at java.base/java.util.ArrayList.forEach(ArrayList.java:1604) ~[na:na]
	at org.junit.platform.engine.support.hierarchical.SameThreadHierarchicalTestExecutorService.invokeAll(SameThreadHierarchicalTestExecutorService.java:41) ~[junit-platform-engine-1.12.2.jar:1.12.2]
	at org.junit.platform.engine.support.hierarchical.NodeTestTask.lambda$executeRecursively$6(NodeTestTask.java:160) ~[junit-platform-engine-1.12.2.jar:1.12.2]
	at org.junit.platform.engine.support.hierarchical.ThrowableCollector.execute(ThrowableCollector.java:73) ~[junit-platform-engine-1.12.2.jar:1.12.2]
	at org.junit.platform.engine.support.hierarchical.NodeTestTask.lambda$executeRecursively$8(NodeTestTask.java:146) ~[junit-platform-engine-1.12.2.jar:1.12.2]
	at org.junit.platform.engine.support.hierarchical.Node.around(Node.java:137) ~[junit-platform-engine-1.12.2.jar:1.12.2]
	at org.junit.platform.engine.support.hierarchical.NodeTestTask.lambda$executeRecursively$9(NodeTestTask.java:144) ~[junit-platform-engine-1.12.2.jar:1.12.2]
	at org.junit.platform.engine.support.hierarchical.ThrowableCollector.execute(ThrowableCollector.java:73) ~[junit-platform-engine-1.12.2.jar:1.12.2]
	at org.junit.platform.engine.support.hierarchical.NodeTestTask.executeRecursively(NodeTestTask.java:143) ~[junit-platform-engine-1.12.2.jar:1.12.2]
	at org.junit.platform.engine.support.hierarchical.NodeTestTask.execute(NodeTestTask.java:100) ~[junit-platform-engine-1.12.2.jar:1.12.2]
	at org.junit.platform.engine.support.hierarchical.SameThreadHierarchicalTestExecutorService.submit(SameThreadHierarchicalTestExecutorService.java:35) ~[junit-platform-engine-1.12.2.jar:1.12.2]
	at org.junit.platform.engine.support.hierarchical.HierarchicalTestExecutor.execute(HierarchicalTestExecutor.java:57) ~[junit-platform-engine-1.12.2.jar:1.12.2]
	at org.junit.platform.engine.support.hierarchical.HierarchicalTestEngine.execute(HierarchicalTestEngine.java:54) ~[junit-platform-engine-1.12.2.jar:1.12.2]
	at org.junit.platform.launcher.core.EngineExecutionOrchestrator.execute(EngineExecutionOrchestrator.java:201) ~[junit-platform-launcher-1.12.2.jar:1.12.2]
	at org.junit.platform.launcher.core.EngineExecutionOrchestrator.execute(EngineExecutionOrchestrator.java:170) ~[junit-platform-launcher-1.12.2.jar:1.12.2]
	at org.junit.platform.launcher.core.EngineExecutionOrchestrator.execute(EngineExecutionOrchestrator.java:94) ~[junit-platform-launcher-1.12.2.jar:1.12.2]
	at org.junit.platform.launcher.core.EngineExecutionOrchestrator.lambda$execute$0(EngineExecutionOrchestrator.java:59) ~[junit-platform-launcher-1.12.2.jar:1.12.2]
	at org.junit.platform.launcher.core.EngineExecutionOrchestrator.withInterceptedStreams(EngineExecutionOrchestrator.java:142) ~[junit-platform-launcher-1.12.2.jar:1.12.2]
	at org.junit.platform.launcher.core.EngineExecutionOrchestrator.execute(EngineExecutionOrchestrator.java:58) ~[junit-platform-launcher-1.12.2.jar:1.12.2]
	at org.junit.platform.launcher.core.DefaultLauncher.execute(DefaultLauncher.java:103) ~[junit-platform-launcher-1.12.2.jar:1.12.2]
	at org.junit.platform.launcher.core.DefaultLauncher.execute(DefaultLauncher.java:85) ~[junit-platform-launcher-1.12.2.jar:1.12.2]
	at org.junit.platform.launcher.core.DelegatingLauncher.execute(DelegatingLauncher.java:47) ~[junit-platform-launcher-1.12.2.jar:1.12.2]
	at org.junit.platform.launcher.core.InterceptingLauncher.lambda$execute$1(InterceptingLauncher.java:39) ~[junit-platform-launcher-1.12.2.jar:1.12.2]
	at org.junit.platform.launcher.core.ClasspathAlignmentCheckingLauncherInterceptor.intercept(ClasspathAlignmentCheckingLauncherInterceptor.java:25) ~[junit-platform-launcher-1.12.2.jar:1.12.2]
	at org.junit.platform.launcher.core.InterceptingLauncher.execute(InterceptingLauncher.java:38) ~[junit-platform-launcher-1.12.2.jar:1.12.2]
	at org.junit.platform.launcher.core.DelegatingLauncher.execute(DelegatingLauncher.java:47) ~[junit-platform-launcher-1.12.2.jar:1.12.2]
	at org.junit.platform.launcher.core.SessionPerRequestLauncher.execute(SessionPerRequestLauncher.java:63) ~[junit-platform-launcher-1.12.2.jar:1.12.2]
	at com.intellij.junit5.JUnit5IdeaTestRunner.startRunnerWithArgs(JUnit5IdeaTestRunner.java:66) ~[junit5-rt.jar:na]
	at com.intellij.rt.junit.IdeaTestRunner$Repeater$1.execute(IdeaTestRunner.java:38) ~[junit-rt.jar:na]
	at com.intellij.rt.execution.junit.TestsRepeater.repeat(TestsRepeater.java:11) ~[idea_rt.jar:na]
	at com.intellij.rt.junit.IdeaTestRunner$Repeater.startRunnerWithArgs(IdeaTestRunner.java:35) ~[junit-rt.jar:na]
	at com.intellij.rt.junit.JUnitStarter.prepareStreamsAndStart(JUnitStarter.java:237) ~[junit-rt.jar:na]
	at com.intellij.rt.junit.JUnitStarter.main(JUnitStarter.java:58) ~[junit-rt.jar:na]
Caused by: org.springframework.boot.context.properties.bind.BindException: Failed to bind properties under 'logging.level.filr' to org.springframework.boot.logging.LogLevel
	at org.springframework.boot.context.properties.bind.Binder.handleBindError(Binder.java:399) ~[spring-boot-3.5.6.jar:3.5.6]
	at org.springframework.boot.context.properties.bind.Binder.bind(Binder.java:361) ~[spring-boot-3.5.6.jar:3.5.6]
	at org.springframework.boot.context.properties.bind.Binder.lambda$bindAggregate$2(Binder.java:447) ~[spring-boot-3.5.6.jar:3.5.6]
	at org.springframework.boot.context.properties.bind.Binder$Context.withSource(Binder.java:577) ~[spring-boot-3.5.6.jar:3.5.6]
	at org.springframework.boot.context.properties.bind.Binder.lambda$bindAggregate$3(Binder.java:448) ~[spring-boot-3.5.6.jar:3.5.6]
	at org.springframework.boot.context.properties.bind.AggregateElementBinder.bind(AggregateElementBinder.java:39) ~[spring-boot-3.5.6.jar:3.5.6]
	at org.springframework.boot.context.properties.bind.MapBinder$EntryBinder.lambda$bindEntries$0(MapBinder.java:184) ~[spring-boot-3.5.6.jar:3.5.6]
	at java.base/java.util.HashMap.computeIfAbsent(HashMap.java:1229) ~[na:na]
	at org.springframework.boot.context.properties.bind.MapBinder$EntryBinder.bindEntries(MapBinder.java:184) ~[spring-boot-3.5.6.jar:3.5.6]
	at org.springframework.boot.context.properties.bind.MapBinder.bindAggregate(MapBinder.java:74) ~[spring-boot-3.5.6.jar:3.5.6]
	at org.springframework.boot.context.properties.bind.AggregateBinder.bind(AggregateBinder.java:56) ~[spring-boot-3.5.6.jar:3.5.6]
	at org.springframework.boot.context.properties.bind.Binder.lambda$bindAggregate$4(Binder.java:450) ~[spring-boot-3.5.6.jar:3.5.6]
	at org.springframework.boot.context.properties.bind.Binder$Context.withIncreasedDepth(Binder.java:608) ~[spring-boot-3.5.6.jar:3.5.6]
	at org.springframework.boot.context.properties.bind.Binder.bindAggregate(Binder.java:450) ~[spring-boot-3.5.6.jar:3.5.6]
	at org.springframework.boot.context.properties.bind.Binder.bindObject(Binder.java:411) ~[spring-boot-3.5.6.jar:3.5.6]
	at org.springframework.boot.context.properties.bind.Binder.bind(Binder.java:357) ~[spring-boot-3.5.6.jar:3.5.6]
	at org.springframework.boot.context.properties.bind.Binder.bind(Binder.java:345) ~[spring-boot-3.5.6.jar:3.5.6]
	at org.springframework.boot.context.properties.bind.Binder.bind(Binder.java:275) ~[spring-boot-3.5.6.jar:3.5.6]
	at org.springframework.boot.context.properties.bind.Binder.bind(Binder.java:249) ~[spring-boot-3.5.6.jar:3.5.6]
	at org.springframework.boot.context.logging.LoggingApplicationListener.setLogLevels(LoggingApplicationListener.java:393) ~[spring-boot-3.5.6.jar:3.5.6]
	at org.springframework.boot.context.logging.LoggingApplicationListener.initializeFinalLoggingLevels(LoggingApplicationListener.java:360) ~[spring-boot-3.5.6.jar:3.5.6]
	at org.springframework.boot.context.logging.LoggingApplicationListener.initialize(LoggingApplicationListener.java:299) ~[spring-boot-3.5.6.jar:3.5.6]
	at org.springframework.boot.context.logging.LoggingApplicationListener.onApplicationEnvironmentPreparedEvent(LoggingApplicationListener.java:246) ~[spring-boot-3.5.6.jar:3.5.6]
	at org.springframework.boot.context.logging.LoggingApplicationListener.onApplicationEvent(LoggingApplicationListener.java:223) ~[spring-boot-3.5.6.jar:3.5.6]
	at org.springframework.context.event.SimpleApplicationEventMulticaster.doInvokeListener(SimpleApplicationEventMulticaster.java:185) ~[spring-context-6.2.11.jar:6.2.11]
	at org.springframework.context.event.SimpleApplicationEventMulticaster.invokeListener(SimpleApplicationEventMulticaster.java:178) ~[spring-context-6.2.11.jar:6.2.11]
	at org.springframework.context.event.SimpleApplicationEventMulticaster.multicastEvent(SimpleApplicationEventMulticaster.java:156) ~[spring-context-6.2.11.jar:6.2.11]
	at org.springframework.context.event.SimpleApplicationEventMulticaster.multicastEvent(SimpleApplicationEventMulticaster.java:138) ~[spring-context-6.2.11.jar:6.2.11]
	at org.springframework.boot.context.event.EventPublishingRunListener.multicastInitialEvent(EventPublishingRunListener.java:136) ~[spring-boot-3.5.6.jar:3.5.6]
	at org.springframework.boot.context.event.EventPublishingRunListener.environmentPrepared(EventPublishingRunListener.java:81) ~[spring-boot-3.5.6.jar:3.5.6]
	at org.springframework.boot.SpringApplicationRunListeners.lambda$environmentPrepared$2(SpringApplicationRunListeners.java:64) ~[spring-boot-3.5.6.jar:3.5.6]
	at java.base/java.util.ImmutableCollections$List12.forEach(ImmutableCollections.java:681) ~[na:na]
	at org.springframework.boot.SpringApplicationRunListeners.doWithListeners(SpringApplicationRunListeners.java:118) ~[spring-boot-3.5.6.jar:3.5.6]
	at org.springframework.boot.SpringApplicationRunListeners.doWithListeners(SpringApplicationRunListeners.java:112) ~[spring-boot-3.5.6.jar:3.5.6]
	at org.springframework.boot.SpringApplicationRunListeners.environmentPrepared(SpringApplicationRunListeners.java:63) ~[spring-boot-3.5.6.jar:3.5.6]
	at org.springframework.boot.SpringApplication.prepareEnvironment(SpringApplication.java:353) ~[spring-boot-3.5.6.jar:3.5.6]
	at org.springframework.boot.SpringApplication.run(SpringApplication.java:313) ~[spring-boot-3.5.6.jar:3.5.6]
	at org.springframework.boot.test.context.SpringBootContextLoader.lambda$loadContext$3(SpringBootContextLoader.java:144) ~[spring-boot-test-3.5.6.jar:3.5.6]
	at org.springframework.util.function.ThrowingSupplier.get(ThrowingSupplier.java:58) ~[spring-core-6.2.11.jar:6.2.11]
	at org.springframework.util.function.ThrowingSupplier.get(ThrowingSupplier.java:46) ~[spring-core-6.2.11.jar:6.2.11]
	at org.springframework.boot.SpringApplication.withHook(SpringApplication.java:1461) ~[spring-boot-3.5.6.jar:3.5.6]
	at org.springframework.boot.test.context.SpringBootContextLoader$ContextLoaderHook.run(SpringBootContextLoader.java:563) ~[spring-boot-test-3.5.6.jar:3.5.6]
	at org.springframework.boot.test.context.SpringBootContextLoader.loadContext(SpringBootContextLoader.java:144) ~[spring-boot-test-3.5.6.jar:3.5.6]
	at org.springframework.boot.test.context.SpringBootContextLoader.loadContext(SpringBootContextLoader.java:110) ~[spring-boot-test-3.5.6.jar:3.5.6]
	at org.springframework.test.context.cache.DefaultCacheAwareContextLoaderDelegate.loadContextInternal(DefaultCacheAwareContextLoaderDelegate.java:225) ~[spring-test-6.2.11.jar:6.2.11]
	at org.springframework.test.context.cache.DefaultCacheAwareContextLoaderDelegate.loadContext(DefaultCacheAwareContextLoaderDelegate.java:152) ~[spring-test-6.2.11.jar:6.2.11]
	... 78 common frames omitted
Caused by: org.springframework.core.convert.ConversionFailedException: Failed to convert from type [java.lang.String] to type [org.springframework.boot.logging.LogLevel] for value [ERORR]
	at org.springframework.core.convert.support.ConversionUtils.invokeConverter(ConversionUtils.java:47) ~[spring-core-6.2.11.jar:6.2.11]
	at org.springframework.core.convert.support.GenericConversionService.convert(GenericConversionService.java:182) ~[spring-core-6.2.11.jar:6.2.11]
	at org.springframework.boot.context.properties.bind.BindConverter.convert(BindConverter.java:110) ~[spring-boot-3.5.6.jar:3.5.6]
	at org.springframework.boot.context.properties.bind.BindConverter.convert(BindConverter.java:101) ~[spring-boot-3.5.6.jar:3.5.6]
	at org.springframework.boot.context.properties.bind.BindConverter.convert(BindConverter.java:93) ~[spring-boot-3.5.6.jar:3.5.6]
	at org.springframework.boot.context.properties.bind.Binder.bindProperty(Binder.java:471) ~[spring-boot-3.5.6.jar:3.5.6]
	at org.springframework.boot.context.properties.bind.Binder.bindObject(Binder.java:415) ~[spring-boot-3.5.6.jar:3.5.6]
	at org.springframework.boot.context.properties.bind.Binder.bind(Binder.java:357) ~[spring-boot-3.5.6.jar:3.5.6]
	... 122 common frames omitted
Caused by: java.lang.IllegalArgumentException: No enum constant org.springframework.boot.logging.LogLevel.ERORR
	at org.springframework.boot.convert.LenientObjectToEnumConverterFactory$LenientToEnumConverter.findEnum(LenientObjectToEnumConverterFactory.java:93) ~[spring-boot-3.5.6.jar:3.5.6]
	at org.springframework.boot.convert.LenientObjectToEnumConverterFactory$LenientToEnumConverter.convert(LenientObjectToEnumConverterFactory.java:80) ~[spring-boot-3.5.6.jar:3.5.6]
	at org.springframework.boot.convert.LenientObjectToEnumConverterFactory$LenientToEnumConverter.convert(LenientObjectToEnumConverterFactory.java:61) ~[spring-boot-3.5.6.jar:3.5.6]
	at org.springframework.core.convert.support.GenericConversionService$ConverterFactoryAdapter.convert(GenericConversionService.java:415) ~[spring-core-6.2.11.jar:6.2.11]
	at org.springframework.core.convert.support.ConversionUtils.invokeConverter(ConversionUtils.java:41) ~[spring-core-6.2.11.jar:6.2.11]
	... 129 common frames omitted

2025-11-04T17:56:23.708-05:00  INFO 28440 --- [JPA-Demo] [File Watcher] rtingClassPathChangeChangedEventListener : Restarting due to 1 class path change (0 additions, 0 deletions, 1 modification)
2025-11-04T17:56:23.709-05:00  INFO 28440 --- [JPA-Demo] [Thread-11] o.s.b.w.e.tomcat.GracefulShutdown        : Commencing graceful shutdown. Waiting for active requests to complete
2025-11-04T17:56:23.715-05:00  INFO 28440 --- [JPA-Demo] [tomcat-shutdown] o.s.b.w.e.tomcat.GracefulShutdown        : Graceful shutdown complete
2025-11-04T17:56:23.717-05:00  INFO 28440 --- [JPA-Demo] [Thread-11] j.LocalContainerEntityManagerFactoryBean : Closing JPA EntityManagerFactory for persistence unit 'default'
2025-11-04T17:56:23.717-05:00  INFO 28440 --- [JPA-Demo] [Thread-11] com.zaxxer.hikari.HikariDataSource       : HikariPool-3 - Shutdown initiated...
2025-11-04T17:56:23.722-05:00  INFO 28440 --- [JPA-Demo] [Thread-11] com.zaxxer.hikari.HikariDataSource       : HikariPool-3 - Shutdown completed.
2025-11-04T17:56:23.776-05:00  INFO 28440 --- [JPA-Demo] [restartedMain] org.example.jpademo.JpaDemoApplication   : Starting JpaDemoApplication using Java 25 with PID 28440 (C:\Users\murta\Dropbox\PC\Downloads\College Course Books & Materials\Java\JPA-Demo\target\classes started by murta in C:\Users\murta\Dropbox\PC\Downloads\College Course Books & Materials\Java\JPA-Demo)
2025-11-04T17:56:23.776-05:00  INFO 28440 --- [JPA-Demo] [restartedMain] org.example.jpademo.JpaDemoApplication   : No active profile set, falling back to 1 default profile: "default"
2025-11-04T17:56:23.929-05:00  INFO 28440 --- [JPA-Demo] [restartedMain] .s.d.r.c.RepositoryConfigurationDelegate : Bootstrapping Spring Data JPA repositories in DEFAULT mode.
2025-11-04T17:56:23.941-05:00  INFO 28440 --- [JPA-Demo] [restartedMain] .s.d.r.c.RepositoryConfigurationDelegate : Finished Spring Data repository scanning in 10 ms. Found 2 JPA repository interfaces.
2025-11-04T17:56:24.007-05:00  INFO 28440 --- [JPA-Demo] [restartedMain] o.s.b.w.embedded.tomcat.TomcatWebServer  : Tomcat initialized with port 8080 (http)
2025-11-04T17:56:24.008-05:00  INFO 28440 --- [JPA-Demo] [restartedMain] o.apache.catalina.core.StandardService   : Starting service [Tomcat]
2025-11-04T17:56:24.008-05:00  INFO 28440 --- [JPA-Demo] [restartedMain] o.apache.catalina.core.StandardEngine    : Starting Servlet engine: [Apache Tomcat/10.1.46]
2025-11-04T17:56:24.027-05:00  INFO 28440 --- [JPA-Demo] [restartedMain] o.a.c.c.C.[Tomcat].[localhost].[/]       : Initializing Spring embedded WebApplicationContext
2025-11-04T17:56:24.027-05:00  INFO 28440 --- [JPA-Demo] [restartedMain] w.s.c.ServletWebServerApplicationContext : Root WebApplicationContext: initialization completed in 249 ms
2025-11-04T17:56:24.052-05:00  INFO 28440 --- [JPA-Demo] [restartedMain] o.hibernate.jpa.internal.util.LogHelper  : HHH000204: Processing PersistenceUnitInfo [name: default]
2025-11-04T17:56:24.055-05:00  INFO 28440 --- [JPA-Demo] [restartedMain] o.h.c.internal.RegionFactoryInitiator    : HHH000026: Second-level cache disabled
2025-11-04T17:56:24.061-05:00  INFO 28440 --- [JPA-Demo] [restartedMain] o.s.o.j.p.SpringPersistenceUnitInfo      : No LoadTimeWeaver setup: ignoring JPA class transformer
2025-11-04T17:56:24.062-05:00  INFO 28440 --- [JPA-Demo] [restartedMain] com.zaxxer.hikari.HikariDataSource       : HikariPool-4 - Starting...
2025-11-04T17:56:24.079-05:00  INFO 28440 --- [JPA-Demo] [restartedMain] com.zaxxer.hikari.pool.HikariPool        : HikariPool-4 - Added connection com.mysql.cj.jdbc.ConnectionImpl@23e3b4fa
2025-11-04T17:56:24.079-05:00  INFO 28440 --- [JPA-Demo] [restartedMain] com.zaxxer.hikari.HikariDataSource       : HikariPool-4 - Start completed.
2025-11-04T17:56:24.080-05:00  INFO 28440 --- [JPA-Demo] [restartedMain] org.hibernate.orm.connections.pooling    : HHH10001005: Database info:
	Database JDBC URL [Connecting through datasource 'HikariDataSource (HikariPool-4)']
	Database driver: undefined/unknown
	Database version: 8.0.34
	Autocommit mode: undefined/unknown
	Isolation level: undefined/unknown
	Minimum pool size: undefined/unknown
	Maximum pool size: undefined/unknown
2025-11-04T17:56:24.136-05:00  INFO 28440 --- [JPA-Demo] [restartedMain] o.h.e.t.j.p.i.JtaPlatformInitiator       : HHH000489: No JTA platform available (set 'hibernate.transaction.jta.platform' to enable JTA platform integration)
2025-11-04T17:56:24.158-05:00  INFO 28440 --- [JPA-Demo] [restartedMain] j.LocalContainerEntityManagerFactoryBean : Initialized JPA EntityManagerFactory for persistence unit 'default'
2025-11-04T17:56:24.234-05:00  WARN 28440 --- [JPA-Demo] [restartedMain] JpaBaseConfiguration$JpaWebConfiguration : spring.jpa.open-in-view is enabled by default. Therefore, database queries may be performed during view rendering. Explicitly configure spring.jpa.open-in-view to disable this warning
2025-11-04T17:56:24.323-05:00  INFO 28440 --- [JPA-Demo] [restartedMain] o.s.b.a.h2.H2ConsoleAutoConfiguration    : H2 console available at '/h2-console'. Database available at 'jdbc:mysql://localhost:3306/pokemon'
2025-11-04T17:56:24.336-05:00  INFO 28440 --- [JPA-Demo] [restartedMain] o.s.b.d.a.OptionalLiveReloadServer       : LiveReload server is running on port 35729
2025-11-04T17:56:24.345-05:00  INFO 28440 --- [JPA-Demo] [restartedMain] o.s.b.w.embedded.tomcat.TomcatWebServer  : Tomcat started on port 8080 (http) with context path '/'
2025-11-04T17:56:24.347-05:00  INFO 28440 --- [JPA-Demo] [restartedMain] org.example.jpademo.JpaDemoApplication   : Started JpaDemoApplication in 0.59 seconds (process running for 52.964)
2025-11-04T17:56:24.348-05:00  INFO 28440 --- [JPA-Demo] [restartedMain] .ConditionEvaluationDeltaLoggingListener : Condition evaluation unchanged
2025-11-04T17:56:26.808-05:00  WARN 17460 --- [JPA-Demo] [main] org.hibernate.orm.deprecation            : HHH90000025: H2Dialect does not need to be specified explicitly using 'hibernate.dialect' (remove the property setting and it will be selected by default)
2025-11-04T17:56:28.365-05:00  WARN 17460 --- [JPA-Demo] [main] JpaBaseConfiguration$JpaWebConfiguration : spring.jpa.open-in-view is enabled by default. Therefore, database queries may be performed during view rendering. Explicitly configure spring.jpa.open-in-view to disable this warning
2025-11-04T17:57:45.049-05:00  WARN 8188 --- [JPA-Demo] [main] org.hibernate.orm.deprecation            : HHH90000025: H2Dialect does not need to be specified explicitly using 'hibernate.dialect' (remove the property setting and it will be selected by default)
2025-11-04T17:57:46.523-05:00  WARN 8188 --- [JPA-Demo] [main] JpaBaseConfiguration$JpaWebConfiguration : spring.jpa.open-in-view is enabled by default. Therefore, database queries may be performed during view rendering. Explicitly configure spring.jpa.open-in-view to disable this warning
2025-11-04T17:58:26.380-05:00  WARN 30436 --- [JPA-Demo] [main] org.hibernate.orm.deprecation            : HHH90000025: H2Dialect does not need to be specified explicitly using 'hibernate.dialect' (remove the property setting and it will be selected by default)
2025-11-04T17:58:27.800-05:00  WARN 30436 --- [JPA-Demo] [main] JpaBaseConfiguration$JpaWebConfiguration : spring.jpa.open-in-view is enabled by default. Therefore, database queries may be performed during view rendering. Explicitly configure spring.jpa.open-in-view to disable this warning
2025-11-04T18:02:45.884-05:00  INFO 28440 --- [JPA-Demo] [SpringApplicationShutdownHook] o.s.b.w.e.tomcat.GracefulShutdown        : Commencing graceful shutdown. Waiting for active requests to complete
2025-11-04T18:02:45.890-05:00  INFO 28440 --- [JPA-Demo] [tomcat-shutdown] o.s.b.w.e.tomcat.GracefulShutdown        : Graceful shutdown complete
2025-11-04T18:02:45.891-05:00  INFO 28440 --- [JPA-Demo] [SpringApplicationShutdownHook] j.LocalContainerEntityManagerFactoryBean : Closing JPA EntityManagerFactory for persistence unit 'default'
2025-11-04T18:02:45.891-05:00  INFO 28440 --- [JPA-Demo] [SpringApplicationShutdownHook] com.zaxxer.hikari.HikariDataSource       : HikariPool-4 - Shutdown initiated...
2025-11-04T18:02:45.896-05:00  INFO 28440 --- [JPA-Demo] [SpringApplicationShutdownHook] com.zaxxer.hikari.HikariDataSource       : HikariPool-4 - Shutdown completed.
2025-11-04T18:02:55.546-05:00  WARN 508 --- [JPA-Demo] [main] org.hibernate.orm.deprecation            : HHH90000025: H2Dialect does not need to be specified explicitly using 'hibernate.dialect' (remove the property setting and it will be selected by default)
2025-11-04T18:02:56.977-05:00  WARN 508 --- [JPA-Demo] [main] JpaBaseConfiguration$JpaWebConfiguration : spring.jpa.open-in-view is enabled by default. Therefore, database queries may be performed during view rendering. Explicitly configure spring.jpa.open-in-view to disable this warning
2025-11-04T18:15:19.535-05:00  WARN 8428 --- [JPA-Demo] [main] org.hibernate.orm.deprecation            : HHH90000025: H2Dialect does not need to be specified explicitly using 'hibernate.dialect' (remove the property setting and it will be selected by default)
2025-11-04T18:15:21.065-05:00  WARN 8428 --- [JPA-Demo] [main] JpaBaseConfiguration$JpaWebConfiguration : spring.jpa.open-in-view is enabled by default. Therefore, database queries may be performed during view rendering. Explicitly configure spring.jpa.open-in-view to disable this warning
2025-11-04T18:15:44.684-05:00  WARN 27876 --- [JPA-Demo] [main] org.hibernate.orm.deprecation            : HHH90000025: H2Dialect does not need to be specified explicitly using 'hibernate.dialect' (remove the property setting and it will be selected by default)
2025-11-04T18:15:46.120-05:00  WARN 27876 --- [JPA-Demo] [main] JpaBaseConfiguration$JpaWebConfiguration : spring.jpa.open-in-view is enabled by default. Therefore, database queries may be performed during view rendering. Explicitly configure spring.jpa.open-in-view to disable this warning
2025-11-04T18:15:47.799-05:00  WARN 27876 --- [JPA-Demo] [main] org.hibernate.orm.deprecation            : HHH90000025: H2Dialect does not need to be specified explicitly using 'hibernate.dialect' (remove the property setting and it will be selected by default)
2025-11-04T18:15:47.883-05:00  WARN 27876 --- [JPA-Demo] [main] JpaBaseConfiguration$JpaWebConfiguration : spring.jpa.open-in-view is enabled by default. Therefore, database queries may be performed during view rendering. Explicitly configure spring.jpa.open-in-view to disable this warning
2025-11-04T18:23:10.086-05:00  WARN 6100 --- [JPA-Demo] [main] org.hibernate.orm.deprecation            : HHH90000025: H2Dialect does not need to be specified explicitly using 'hibernate.dialect' (remove the property setting and it will be selected by default)
2025-11-04T18:23:11.531-05:00  WARN 6100 --- [JPA-Demo] [main] JpaBaseConfiguration$JpaWebConfiguration : spring.jpa.open-in-view is enabled by default. Therefore, database queries may be performed during view rendering. Explicitly configure spring.jpa.open-in-view to disable this warning
2025-11-04T18:23:38.286-05:00  WARN 19644 --- [JPA-Demo] [main] org.hibernate.orm.deprecation            : HHH90000025: H2Dialect does not need to be specified explicitly using 'hibernate.dialect' (remove the property setting and it will be selected by default)
2025-11-04T18:23:39.770-05:00  WARN 19644 --- [JPA-Demo] [main] JpaBaseConfiguration$JpaWebConfiguration : spring.jpa.open-in-view is enabled by default. Therefore, database queries may be performed during view rendering. Explicitly configure spring.jpa.open-in-view to disable this warning
2025-11-04T19:03:32.339-05:00  WARN 30200 --- [JPA-Demo] [main] org.hibernate.orm.deprecation            : HHH90000025: H2Dialect does not need to be specified explicitly using 'hibernate.dialect' (remove the property setting and it will be selected by default)
2025-11-04T19:03:34.034-05:00  WARN 30200 --- [JPA-Demo] [main] JpaBaseConfiguration$JpaWebConfiguration : spring.jpa.open-in-view is enabled by default. Therefore, database queries may be performed during view rendering. Explicitly configure spring.jpa.open-in-view to disable this warning
2025-11-04T19:03:52.855-05:00  WARN 17856 --- [JPA-Demo] [main] org.hibernate.orm.deprecation            : HHH90000025: H2Dialect does not need to be specified explicitly using 'hibernate.dialect' (remove the property setting and it will be selected by default)
2025-11-04T19:03:54.290-05:00  WARN 17856 --- [JPA-Demo] [main] JpaBaseConfiguration$JpaWebConfiguration : spring.jpa.open-in-view is enabled by default. Therefore, database queries may be performed during view rendering. Explicitly configure spring.jpa.open-in-view to disable this warning
2025-11-04T19:04:09.270-05:00  WARN 11924 --- [JPA-Demo] [main] org.hibernate.orm.deprecation            : HHH90000025: H2Dialect does not need to be specified explicitly using 'hibernate.dialect' (remove the property setting and it will be selected by default)
2025-11-04T19:04:10.808-05:00  WARN 11924 --- [JPA-Demo] [main] JpaBaseConfiguration$JpaWebConfiguration : spring.jpa.open-in-view is enabled by default. Therefore, database queries may be performed during view rendering. Explicitly configure spring.jpa.open-in-view to disable this warning
2025-11-04T19:07:27.163-05:00  WARN 6176 --- [JPA-Demo] [main] org.hibernate.orm.deprecation            : HHH90000025: H2Dialect does not need to be specified explicitly using 'hibernate.dialect' (remove the property setting and it will be selected by default)
2025-11-04T19:07:28.766-05:00  WARN 6176 --- [JPA-Demo] [main] JpaBaseConfiguration$JpaWebConfiguration : spring.jpa.open-in-view is enabled by default. Therefore, database queries may be performed during view rendering. Explicitly configure spring.jpa.open-in-view to disable this warning
2025-11-04T19:09:42.819-05:00  INFO 9324 --- [JPA-Demo] [restartedMain] org.example.jpademo.JpaDemoApplication   : Starting JpaDemoApplication using Java 25 with PID 9324 (C:\Users\murta\Dropbox\PC\Downloads\College Course Books & Materials\Java\JPA-Demo\target\classes started by murta in C:\Users\murta\Dropbox\PC\Downloads\College Course Books & Materials\Java\JPA-Demo)
2025-11-04T19:09:42.821-05:00  INFO 9324 --- [JPA-Demo] [restartedMain] org.example.jpademo.JpaDemoApplication   : No active profile set, falling back to 1 default profile: "default"
2025-11-04T19:09:42.856-05:00  INFO 9324 --- [JPA-Demo] [restartedMain] .e.DevToolsPropertyDefaultsPostProcessor : Devtools property defaults active! Set 'spring.devtools.add-properties' to 'false' to disable
2025-11-04T19:09:42.857-05:00  INFO 9324 --- [JPA-Demo] [restartedMain] .e.DevToolsPropertyDefaultsPostProcessor : For additional web related logging consider setting the 'logging.level.web' property to 'DEBUG'
2025-11-04T19:09:43.449-05:00  INFO 9324 --- [JPA-Demo] [restartedMain] .s.d.r.c.RepositoryConfigurationDelegate : Bootstrapping Spring Data JPA repositories in DEFAULT mode.
2025-11-04T19:09:43.498-05:00  INFO 9324 --- [JPA-Demo] [restartedMain] .s.d.r.c.RepositoryConfigurationDelegate : Finished Spring Data repository scanning in 41 ms. Found 2 JPA repository interfaces.
2025-11-04T19:09:44.379-05:00  INFO 9324 --- [JPA-Demo] [restartedMain] o.s.b.w.embedded.tomcat.TomcatWebServer  : Tomcat initialized with port 8080 (http)
2025-11-04T19:09:44.391-05:00  INFO 9324 --- [JPA-Demo] [restartedMain] o.apache.catalina.core.StandardService   : Starting service [Tomcat]
2025-11-04T19:09:44.391-05:00  INFO 9324 --- [JPA-Demo] [restartedMain] o.apache.catalina.core.StandardEngine    : Starting Servlet engine: [Apache Tomcat/10.1.46]
2025-11-04T19:09:44.435-05:00  INFO 9324 --- [JPA-Demo] [restartedMain] o.a.c.c.C.[Tomcat].[localhost].[/]       : Initializing Spring embedded WebApplicationContext
2025-11-04T19:09:44.435-05:00  INFO 9324 --- [JPA-Demo] [restartedMain] w.s.c.ServletWebServerApplicationContext : Root WebApplicationContext: initialization completed in 1578 ms
2025-11-04T19:09:44.639-05:00  INFO 9324 --- [JPA-Demo] [restartedMain] o.hibernate.jpa.internal.util.LogHelper  : HHH000204: Processing PersistenceUnitInfo [name: default]
2025-11-04T19:09:44.714-05:00  INFO 9324 --- [JPA-Demo] [restartedMain] org.hibernate.Version                    : HHH000412: Hibernate ORM core version 6.6.29.Final
2025-11-04T19:09:44.760-05:00  INFO 9324 --- [JPA-Demo] [restartedMain] o.h.c.internal.RegionFactoryInitiator    : HHH000026: Second-level cache disabled
2025-11-04T19:09:45.052-05:00  INFO 9324 --- [JPA-Demo] [restartedMain] o.s.o.j.p.SpringPersistenceUnitInfo      : No LoadTimeWeaver setup: ignoring JPA class transformer
2025-11-04T19:09:45.082-05:00  INFO 9324 --- [JPA-Demo] [restartedMain] com.zaxxer.hikari.HikariDataSource       : HikariPool-1 - Starting...
2025-11-04T19:09:45.512-05:00  INFO 9324 --- [JPA-Demo] [restartedMain] com.zaxxer.hikari.pool.HikariPool        : HikariPool-1 - Added connection com.mysql.cj.jdbc.ConnectionImpl@59c859b0
2025-11-04T19:09:45.514-05:00  INFO 9324 --- [JPA-Demo] [restartedMain] com.zaxxer.hikari.HikariDataSource       : HikariPool-1 - Start completed.
2025-11-04T19:09:45.604-05:00  INFO 9324 --- [JPA-Demo] [restartedMain] org.hibernate.orm.connections.pooling    : HHH10001005: Database info:
	Database JDBC URL [Connecting through datasource 'HikariDataSource (HikariPool-1)']
	Database driver: undefined/unknown
	Database version: 8.0.34
	Autocommit mode: undefined/unknown
	Isolation level: undefined/unknown
	Minimum pool size: undefined/unknown
	Maximum pool size: undefined/unknown
2025-11-04T19:09:46.416-05:00  INFO 9324 --- [JPA-Demo] [restartedMain] o.h.e.t.j.p.i.JtaPlatformInitiator       : HHH000489: No JTA platform available (set 'hibernate.transaction.jta.platform' to enable JTA platform integration)
2025-11-04T19:09:46.503-05:00  INFO 9324 --- [JPA-Demo] [restartedMain] j.LocalContainerEntityManagerFactoryBean : Initialized JPA EntityManagerFactory for persistence unit 'default'
2025-11-04T19:09:47.013-05:00  WARN 9324 --- [JPA-Demo] [restartedMain] JpaBaseConfiguration$JpaWebConfiguration : spring.jpa.open-in-view is enabled by default. Therefore, database queries may be performed during view rendering. Explicitly configure spring.jpa.open-in-view to disable this warning
2025-11-04T19:09:47.352-05:00  INFO 9324 --- [JPA-Demo] [restartedMain] o.s.b.a.h2.H2ConsoleAutoConfiguration    : H2 console available at '/h2-console'. Database available at 'jdbc:mysql://localhost:3306/pokemon'
2025-11-04T19:09:47.435-05:00  INFO 9324 --- [JPA-Demo] [restartedMain] o.s.b.d.a.OptionalLiveReloadServer       : LiveReload server is running on port 35729
2025-11-04T19:09:47.481-05:00  INFO 9324 --- [JPA-Demo] [restartedMain] o.s.b.w.embedded.tomcat.TomcatWebServer  : Tomcat started on port 8080 (http) with context path '/'
2025-11-04T19:09:47.491-05:00  INFO 9324 --- [JPA-Demo] [restartedMain] org.example.jpademo.JpaDemoApplication   : Started JpaDemoApplication in 5.016 seconds (process running for 5.533)
2025-11-04T19:09:49.272-05:00  INFO 9324 --- [JPA-Demo] [tomcat-handler-0] o.a.c.c.C.[Tomcat].[localhost].[/]       : Initializing Spring DispatcherServlet 'dispatcherServlet'
2025-11-04T19:09:49.273-05:00  INFO 9324 --- [JPA-Demo] [tomcat-handler-0] o.s.web.servlet.DispatcherServlet        : Initializing Servlet 'dispatcherServlet'
2025-11-04T19:09:49.274-05:00  INFO 9324 --- [JPA-Demo] [tomcat-handler-0] o.s.web.servlet.DispatcherServlet        : Completed initialization in 1 ms
2025-11-04T19:09:53.932-05:00  INFO 9324 --- [JPA-Demo] [tomcat-handler-1] o.example.jpademo.aspect.PokemonAspect   : Method Started called: deletePokemon()
2025-11-04T19:09:54.061-05:00  WARN 9324 --- [JPA-Demo] [tomcat-handler-1] .m.m.a.ExceptionHandlerExceptionResolver : Resolved [org.example.jpademo.exception.PokemonNameNotFoundException: Pokemon with name Luis not found]
2025-11-04T19:09:57.035-05:00  INFO 9324 --- [JPA-Demo] [tomcat-handler-2] o.example.jpademo.aspect.PokemonAspect   : Method Started called: deletePokemon()
2025-11-04T19:09:57.044-05:00  WARN 9324 --- [JPA-Demo] [tomcat-handler-2] .m.m.a.ExceptionHandlerExceptionResolver : Resolved [org.example.jpademo.exception.PokemonNameNotFoundException: Pokemon with name Luis not found]
2025-11-04T19:12:51.138-05:00  INFO 9324 --- [JPA-Demo] [File Watcher] rtingClassPathChangeChangedEventListener : Restarting due to 1 class path change (0 additions, 1 deletion, 0 modifications)
2025-11-04T19:12:51.142-05:00  INFO 9324 --- [JPA-Demo] [Thread-5] o.s.b.w.e.tomcat.GracefulShutdown        : Commencing graceful shutdown. Waiting for active requests to complete
2025-11-04T19:12:51.154-05:00  INFO 9324 --- [JPA-Demo] [tomcat-shutdown] o.s.b.w.e.tomcat.GracefulShutdown        : Graceful shutdown complete
2025-11-04T19:12:51.157-05:00  INFO 9324 --- [JPA-Demo] [Thread-5] j.LocalContainerEntityManagerFactoryBean : Closing JPA EntityManagerFactory for persistence unit 'default'
2025-11-04T19:12:51.160-05:00  INFO 9324 --- [JPA-Demo] [Thread-5] com.zaxxer.hikari.HikariDataSource       : HikariPool-1 - Shutdown initiated...
2025-11-04T19:12:51.169-05:00  INFO 9324 --- [JPA-Demo] [Thread-5] com.zaxxer.hikari.HikariDataSource       : HikariPool-1 - Shutdown completed.
2025-11-04T19:12:51.298-05:00  INFO 9324 --- [JPA-Demo] [restartedMain] org.example.jpademo.JpaDemoApplication   : Starting JpaDemoApplication using Java 25 with PID 9324 (C:\Users\murta\Dropbox\PC\Downloads\College Course Books & Materials\Java\JPA-Demo\target\classes started by murta in C:\Users\murta\Dropbox\PC\Downloads\College Course Books & Materials\Java\JPA-Demo)
2025-11-04T19:12:51.299-05:00  INFO 9324 --- [JPA-Demo] [restartedMain] org.example.jpademo.JpaDemoApplication   : No active profile set, falling back to 1 default profile: "default"
2025-11-04T19:12:51.606-05:00  INFO 9324 --- [JPA-Demo] [restartedMain] .s.d.r.c.RepositoryConfigurationDelegate : Bootstrapping Spring Data JPA repositories in DEFAULT mode.
2025-11-04T19:12:51.630-05:00  INFO 9324 --- [JPA-Demo] [restartedMain] .s.d.r.c.RepositoryConfigurationDelegate : Finished Spring Data repository scanning in 21 ms. Found 2 JPA repository interfaces.
2025-11-04T19:12:51.720-05:00  INFO 9324 --- [JPA-Demo] [restartedMain] o.s.b.w.embedded.tomcat.TomcatWebServer  : Tomcat initialized with port 8080 (http)
2025-11-04T19:12:51.721-05:00  INFO 9324 --- [JPA-Demo] [restartedMain] o.apache.catalina.core.StandardService   : Starting service [Tomcat]
2025-11-04T19:12:51.721-05:00  INFO 9324 --- [JPA-Demo] [restartedMain] o.apache.catalina.core.StandardEngine    : Starting Servlet engine: [Apache Tomcat/10.1.46]
2025-11-04T19:12:51.744-05:00  INFO 9324 --- [JPA-Demo] [restartedMain] o.a.c.c.C.[Tomcat].[localhost].[/]       : Initializing Spring embedded WebApplicationContext
2025-11-04T19:12:51.744-05:00  INFO 9324 --- [JPA-Demo] [restartedMain] w.s.c.ServletWebServerApplicationContext : Root WebApplicationContext: initialization completed in 444 ms
2025-11-04T19:12:51.794-05:00  INFO 9324 --- [JPA-Demo] [restartedMain] o.hibernate.jpa.internal.util.LogHelper  : HHH000204: Processing PersistenceUnitInfo [name: default]
2025-11-04T19:12:51.800-05:00  INFO 9324 --- [JPA-Demo] [restartedMain] o.h.c.internal.RegionFactoryInitiator    : HHH000026: Second-level cache disabled
2025-11-04T19:12:51.814-05:00  INFO 9324 --- [JPA-Demo] [restartedMain] o.s.o.j.p.SpringPersistenceUnitInfo      : No LoadTimeWeaver setup: ignoring JPA class transformer
2025-11-04T19:12:51.817-05:00  INFO 9324 --- [JPA-Demo] [restartedMain] com.zaxxer.hikari.HikariDataSource       : HikariPool-2 - Starting...
2025-11-04T19:12:51.856-05:00  INFO 9324 --- [JPA-Demo] [restartedMain] com.zaxxer.hikari.pool.HikariPool        : HikariPool-2 - Added connection com.mysql.cj.jdbc.ConnectionImpl@389642be
2025-11-04T19:12:51.857-05:00  INFO 9324 --- [JPA-Demo] [restartedMain] com.zaxxer.hikari.HikariDataSource       : HikariPool-2 - Start completed.
2025-11-04T19:12:51.859-05:00  INFO 9324 --- [JPA-Demo] [restartedMain] org.hibernate.orm.connections.pooling    : HHH10001005: Database info:
	Database JDBC URL [Connecting through datasource 'HikariDataSource (HikariPool-2)']
	Database driver: undefined/unknown
	Database version: 8.0.34
	Autocommit mode: undefined/unknown
	Isolation level: undefined/unknown
	Minimum pool size: undefined/unknown
	Maximum pool size: undefined/unknown
2025-11-04T19:12:51.976-05:00  INFO 9324 --- [JPA-Demo] [restartedMain] o.h.e.t.j.p.i.JtaPlatformInitiator       : HHH000489: No JTA platform available (set 'hibernate.transaction.jta.platform' to enable JTA platform integration)
2025-11-04T19:12:52.008-05:00  INFO 9324 --- [JPA-Demo] [restartedMain] j.LocalContainerEntityManagerFactoryBean : Initialized JPA EntityManagerFactory for persistence unit 'default'
2025-11-04T19:12:52.151-05:00  WARN 9324 --- [JPA-Demo] [restartedMain] JpaBaseConfiguration$JpaWebConfiguration : spring.jpa.open-in-view is enabled by default. Therefore, database queries may be performed during view rendering. Explicitly configure spring.jpa.open-in-view to disable this warning
2025-11-04T19:12:52.385-05:00  INFO 9324 --- [JPA-Demo] [restartedMain] o.s.b.a.h2.H2ConsoleAutoConfiguration    : H2 console available at '/h2-console'. Database available at 'jdbc:mysql://localhost:3306/pokemon'
2025-11-04T19:12:52.397-05:00  INFO 9324 --- [JPA-Demo] [restartedMain] o.s.b.d.a.OptionalLiveReloadServer       : LiveReload server is running on port 35729
2025-11-04T19:12:52.407-05:00  INFO 9324 --- [JPA-Demo] [restartedMain] o.s.b.w.embedded.tomcat.TomcatWebServer  : Tomcat started on port 8080 (http) with context path '/'
2025-11-04T19:12:52.411-05:00  INFO 9324 --- [JPA-Demo] [restartedMain] org.example.jpademo.JpaDemoApplication   : Started JpaDemoApplication in 1.151 seconds (process running for 190.453)
2025-11-04T19:12:52.413-05:00  INFO 9324 --- [JPA-Demo] [restartedMain] .ConditionEvaluationDeltaLoggingListener : Condition evaluation unchanged
2025-11-04T19:12:52.946-05:00  INFO 9324 --- [JPA-Demo] [tomcat-handler-0] o.a.c.c.C.[Tomcat].[localhost].[/]       : Initializing Spring DispatcherServlet 'dispatcherServlet'
2025-11-04T19:12:52.947-05:00  INFO 9324 --- [JPA-Demo] [tomcat-handler-0] o.s.web.servlet.DispatcherServlet        : Initializing Servlet 'dispatcherServlet'
2025-11-04T19:12:52.949-05:00  INFO 9324 --- [JPA-Demo] [tomcat-handler-0] o.s.web.servlet.DispatcherServlet        : Completed initialization in 2 ms
2025-11-04T19:12:53.819-05:00  INFO 9324 --- [JPA-Demo] [File Watcher] rtingClassPathChangeChangedEventListener : Restarting due to 1 class path change (1 addition, 0 deletions, 0 modifications)
2025-11-04T19:12:53.820-05:00  INFO 9324 --- [JPA-Demo] [Thread-7] o.s.b.w.e.tomcat.GracefulShutdown        : Commencing graceful shutdown. Waiting for active requests to complete
2025-11-04T19:12:53.831-05:00  INFO 9324 --- [JPA-Demo] [tomcat-shutdown] o.s.b.w.e.tomcat.GracefulShutdown        : Graceful shutdown complete
2025-11-04T19:12:53.834-05:00  INFO 9324 --- [JPA-Demo] [Thread-7] j.LocalContainerEntityManagerFactoryBean : Closing JPA EntityManagerFactory for persistence unit 'default'
2025-11-04T19:12:53.836-05:00  INFO 9324 --- [JPA-Demo] [Thread-7] com.zaxxer.hikari.HikariDataSource       : HikariPool-2 - Shutdown initiated...
2025-11-04T19:12:53.846-05:00  INFO 9324 --- [JPA-Demo] [Thread-7] com.zaxxer.hikari.HikariDataSource       : HikariPool-2 - Shutdown completed.
2025-11-04T19:12:53.955-05:00  INFO 9324 --- [JPA-Demo] [restartedMain] org.example.jpademo.JpaDemoApplication   : Starting JpaDemoApplication using Java 25 with PID 9324 (C:\Users\murta\Dropbox\PC\Downloads\College Course Books & Materials\Java\JPA-Demo\target\classes started by murta in C:\Users\murta\Dropbox\PC\Downloads\College Course Books & Materials\Java\JPA-Demo)
2025-11-04T19:12:53.956-05:00  INFO 9324 --- [JPA-Demo] [restartedMain] org.example.jpademo.JpaDemoApplication   : No active profile set, falling back to 1 default profile: "default"
2025-11-04T19:12:54.204-05:00  INFO 9324 --- [JPA-Demo] [restartedMain] .s.d.r.c.RepositoryConfigurationDelegate : Bootstrapping Spring Data JPA repositories in DEFAULT mode.
2025-11-04T19:12:54.217-05:00  INFO 9324 --- [JPA-Demo] [restartedMain] .s.d.r.c.RepositoryConfigurationDelegate : Finished Spring Data repository scanning in 10 ms. Found 2 JPA repository interfaces.
2025-11-04T19:12:54.357-05:00  INFO 9324 --- [JPA-Demo] [restartedMain] o.s.b.w.embedded.tomcat.TomcatWebServer  : Tomcat initialized with port 8080 (http)
2025-11-04T19:12:54.358-05:00  INFO 9324 --- [JPA-Demo] [restartedMain] o.apache.catalina.core.StandardService   : Starting service [Tomcat]
2025-11-04T19:12:54.358-05:00  INFO 9324 --- [JPA-Demo] [restartedMain] o.apache.catalina.core.StandardEngine    : Starting Servlet engine: [Apache Tomcat/10.1.46]
2025-11-04T19:12:54.379-05:00  INFO 9324 --- [JPA-Demo] [restartedMain] o.a.c.c.C.[Tomcat].[localhost].[/]       : Initializing Spring embedded WebApplicationContext
2025-11-04T19:12:54.379-05:00  INFO 9324 --- [JPA-Demo] [restartedMain] w.s.c.ServletWebServerApplicationContext : Root WebApplicationContext: initialization completed in 421 ms
2025-11-04T19:12:54.426-05:00  INFO 9324 --- [JPA-Demo] [restartedMain] o.hibernate.jpa.internal.util.LogHelper  : HHH000204: Processing PersistenceUnitInfo [name: default]
2025-11-04T19:12:54.430-05:00  INFO 9324 --- [JPA-Demo] [restartedMain] o.h.c.internal.RegionFactoryInitiator    : HHH000026: Second-level cache disabled
2025-11-04T19:12:54.439-05:00  INFO 9324 --- [JPA-Demo] [restartedMain] o.s.o.j.p.SpringPersistenceUnitInfo      : No LoadTimeWeaver setup: ignoring JPA class transformer
2025-11-04T19:12:54.441-05:00  INFO 9324 --- [JPA-Demo] [restartedMain] com.zaxxer.hikari.HikariDataSource       : HikariPool-3 - Starting...
2025-11-04T19:12:54.463-05:00  INFO 9324 --- [JPA-Demo] [restartedMain] com.zaxxer.hikari.pool.HikariPool        : HikariPool-3 - Added connection com.mysql.cj.jdbc.ConnectionImpl@20d5627
2025-11-04T19:12:54.463-05:00  INFO 9324 --- [JPA-Demo] [restartedMain] com.zaxxer.hikari.HikariDataSource       : HikariPool-3 - Start completed.
2025-11-04T19:12:54.465-05:00  INFO 9324 --- [JPA-Demo] [restartedMain] org.hibernate.orm.connections.pooling    : HHH10001005: Database info:
	Database JDBC URL [Connecting through datasource 'HikariDataSource (HikariPool-3)']
	Database driver: undefined/unknown
	Database version: 8.0.34
	Autocommit mode: undefined/unknown
	Isolation level: undefined/unknown
	Minimum pool size: undefined/unknown
	Maximum pool size: undefined/unknown
2025-11-04T19:12:54.520-05:00  INFO 9324 --- [JPA-Demo] [restartedMain] o.h.e.t.j.p.i.JtaPlatformInitiator       : HHH000489: No JTA platform available (set 'hibernate.transaction.jta.platform' to enable JTA platform integration)
2025-11-04T19:12:54.544-05:00  INFO 9324 --- [JPA-Demo] [restartedMain] j.LocalContainerEntityManagerFactoryBean : Initialized JPA EntityManagerFactory for persistence unit 'default'
2025-11-04T19:12:54.639-05:00  WARN 9324 --- [JPA-Demo] [restartedMain] JpaBaseConfiguration$JpaWebConfiguration : spring.jpa.open-in-view is enabled by default. Therefore, database queries may be performed during view rendering. Explicitly configure spring.jpa.open-in-view to disable this warning
2025-11-04T19:12:54.736-05:00  INFO 9324 --- [JPA-Demo] [restartedMain] o.s.b.a.h2.H2ConsoleAutoConfiguration    : H2 console available at '/h2-console'. Database available at 'jdbc:mysql://localhost:3306/pokemon'
2025-11-04T19:12:54.752-05:00  INFO 9324 --- [JPA-Demo] [restartedMain] o.s.b.d.a.OptionalLiveReloadServer       : LiveReload server is running on port 35729
2025-11-04T19:12:54.761-05:00  INFO 9324 --- [JPA-Demo] [restartedMain] o.s.b.w.embedded.tomcat.TomcatWebServer  : Tomcat started on port 8080 (http) with context path '/'
2025-11-04T19:12:54.765-05:00  INFO 9324 --- [JPA-Demo] [restartedMain] org.example.jpademo.JpaDemoApplication   : Started JpaDemoApplication in 0.846 seconds (process running for 192.808)
2025-11-04T19:12:54.766-05:00  INFO 9324 --- [JPA-Demo] [restartedMain] .ConditionEvaluationDeltaLoggingListener : Condition evaluation unchanged
2025-11-04T19:12:56.449-05:00  INFO 9324 --- [JPA-Demo] [tomcat-handler-0] o.a.c.c.C.[Tomcat].[localhost].[/]       : Initializing Spring DispatcherServlet 'dispatcherServlet'
2025-11-04T19:12:56.449-05:00  INFO 9324 --- [JPA-Demo] [tomcat-handler-0] o.s.web.servlet.DispatcherServlet        : Initializing Servlet 'dispatcherServlet'
2025-11-04T19:12:56.449-05:00  INFO 9324 --- [JPA-Demo] [tomcat-handler-0] o.s.web.servlet.DispatcherServlet        : Completed initialization in 0 ms
2025-11-04T19:12:58.986-05:00  INFO 9324 --- [JPA-Demo] [tomcat-handler-1] o.e.jpademo.controller.RegionController  : PokemonRegionDto[regionName=Luis, population=1515641212]
2025-11-04T19:16:27.227-05:00  INFO 9324 --- [JPA-Demo] [File Watcher] rtingClassPathChangeChangedEventListener : Restarting due to 1 class path change (0 additions, 1 deletion, 0 modifications)
2025-11-04T19:16:27.228-05:00  INFO 9324 --- [JPA-Demo] [Thread-11] o.s.b.w.e.tomcat.GracefulShutdown        : Commencing graceful shutdown. Waiting for active requests to complete
2025-11-04T19:16:27.234-05:00  INFO 9324 --- [JPA-Demo] [tomcat-shutdown] o.s.b.w.e.tomcat.GracefulShutdown        : Graceful shutdown complete
2025-11-04T19:16:27.236-05:00  INFO 9324 --- [JPA-Demo] [Thread-11] j.LocalContainerEntityManagerFactoryBean : Closing JPA EntityManagerFactory for persistence unit 'default'
2025-11-04T19:16:27.236-05:00  INFO 9324 --- [JPA-Demo] [Thread-11] com.zaxxer.hikari.HikariDataSource       : HikariPool-3 - Shutdown initiated...
2025-11-04T19:16:27.241-05:00  INFO 9324 --- [JPA-Demo] [Thread-11] com.zaxxer.hikari.HikariDataSource       : HikariPool-3 - Shutdown completed.
2025-11-04T19:16:27.301-05:00  INFO 9324 --- [JPA-Demo] [restartedMain] org.example.jpademo.JpaDemoApplication   : Starting JpaDemoApplication using Java 25 with PID 9324 (C:\Users\murta\Dropbox\PC\Downloads\College Course Books & Materials\Java\JPA-Demo\target\classes started by murta in C:\Users\murta\Dropbox\PC\Downloads\College Course Books & Materials\Java\JPA-Demo)
2025-11-04T19:16:27.302-05:00  INFO 9324 --- [JPA-Demo] [restartedMain] org.example.jpademo.JpaDemoApplication   : No active profile set, falling back to 1 default profile: "default"
2025-11-04T19:16:27.484-05:00  INFO 9324 --- [JPA-Demo] [restartedMain] .s.d.r.c.RepositoryConfigurationDelegate : Bootstrapping Spring Data JPA repositories in DEFAULT mode.
2025-11-04T19:16:27.495-05:00  INFO 9324 --- [JPA-Demo] [restartedMain] .s.d.r.c.RepositoryConfigurationDelegate : Finished Spring Data repository scanning in 9 ms. Found 2 JPA repository interfaces.
2025-11-04T19:16:27.558-05:00  INFO 9324 --- [JPA-Demo] [restartedMain] o.s.b.w.embedded.tomcat.TomcatWebServer  : Tomcat initialized with port 8080 (http)
2025-11-04T19:16:27.559-05:00  INFO 9324 --- [JPA-Demo] [restartedMain] o.apache.catalina.core.StandardService   : Starting service [Tomcat]
2025-11-04T19:16:27.559-05:00  INFO 9324 --- [JPA-Demo] [restartedMain] o.apache.catalina.core.StandardEngine    : Starting Servlet engine: [Apache Tomcat/10.1.46]
2025-11-04T19:16:27.576-05:00  INFO 9324 --- [JPA-Demo] [restartedMain] o.a.c.c.C.[Tomcat].[localhost].[/]       : Initializing Spring embedded WebApplicationContext
2025-11-04T19:16:27.576-05:00  INFO 9324 --- [JPA-Demo] [restartedMain] w.s.c.ServletWebServerApplicationContext : Root WebApplicationContext: initialization completed in 273 ms
2025-11-04T19:16:27.622-05:00  INFO 9324 --- [JPA-Demo] [restartedMain] o.hibernate.jpa.internal.util.LogHelper  : HHH000204: Processing PersistenceUnitInfo [name: default]
2025-11-04T19:16:27.626-05:00  INFO 9324 --- [JPA-Demo] [restartedMain] o.h.c.internal.RegionFactoryInitiator    : HHH000026: Second-level cache disabled
2025-11-04T19:16:27.634-05:00  INFO 9324 --- [JPA-Demo] [restartedMain] o.s.o.j.p.SpringPersistenceUnitInfo      : No LoadTimeWeaver setup: ignoring JPA class transformer
2025-11-04T19:16:27.635-05:00  INFO 9324 --- [JPA-Demo] [restartedMain] com.zaxxer.hikari.HikariDataSource       : HikariPool-4 - Starting...
2025-11-04T19:16:27.657-05:00  INFO 9324 --- [JPA-Demo] [restartedMain] com.zaxxer.hikari.pool.HikariPool        : HikariPool-4 - Added connection com.mysql.cj.jdbc.ConnectionImpl@41b7397f
2025-11-04T19:16:27.657-05:00  INFO 9324 --- [JPA-Demo] [restartedMain] com.zaxxer.hikari.HikariDataSource       : HikariPool-4 - Start completed.
2025-11-04T19:16:27.659-05:00  INFO 9324 --- [JPA-Demo] [restartedMain] org.hibernate.orm.connections.pooling    : HHH10001005: Database info:
	Database JDBC URL [Connecting through datasource 'HikariDataSource (HikariPool-4)']
	Database driver: undefined/unknown
	Database version: 8.0.34
	Autocommit mode: undefined/unknown
	Isolation level: undefined/unknown
	Minimum pool size: undefined/unknown
	Maximum pool size: undefined/unknown
2025-11-04T19:16:27.704-05:00  INFO 9324 --- [JPA-Demo] [restartedMain] o.h.e.t.j.p.i.JtaPlatformInitiator       : HHH000489: No JTA platform available (set 'hibernate.transaction.jta.platform' to enable JTA platform integration)
2025-11-04T19:16:27.731-05:00  INFO 9324 --- [JPA-Demo] [restartedMain] j.LocalContainerEntityManagerFactoryBean : Initialized JPA EntityManagerFactory for persistence unit 'default'
2025-11-04T19:16:27.819-05:00  WARN 9324 --- [JPA-Demo] [restartedMain] JpaBaseConfiguration$JpaWebConfiguration : spring.jpa.open-in-view is enabled by default. Therefore, database queries may be performed during view rendering. Explicitly configure spring.jpa.open-in-view to disable this warning
2025-11-04T19:16:27.904-05:00  INFO 9324 --- [JPA-Demo] [restartedMain] o.s.b.a.h2.H2ConsoleAutoConfiguration    : H2 console available at '/h2-console'. Database available at 'jdbc:mysql://localhost:3306/pokemon'
2025-11-04T19:16:27.917-05:00  INFO 9324 --- [JPA-Demo] [restartedMain] o.s.b.d.a.OptionalLiveReloadServer       : LiveReload server is running on port 35729
2025-11-04T19:16:27.927-05:00  INFO 9324 --- [JPA-Demo] [restartedMain] o.s.b.w.embedded.tomcat.TomcatWebServer  : Tomcat started on port 8080 (http) with context path '/'
2025-11-04T19:16:27.929-05:00  INFO 9324 --- [JPA-Demo] [restartedMain] org.example.jpademo.JpaDemoApplication   : Started JpaDemoApplication in 0.647 seconds (process running for 405.972)
2025-11-04T19:16:27.930-05:00  INFO 9324 --- [JPA-Demo] [restartedMain] .ConditionEvaluationDeltaLoggingListener : Condition evaluation unchanged
2025-11-04T19:16:29.335-05:00  INFO 9324 --- [JPA-Demo] [File Watcher] rtingClassPathChangeChangedEventListener : Restarting due to 1 class path change (1 addition, 0 deletions, 0 modifications)
2025-11-04T19:16:29.336-05:00  INFO 9324 --- [JPA-Demo] [Thread-15] o.s.b.w.e.tomcat.GracefulShutdown        : Commencing graceful shutdown. Waiting for active requests to complete
2025-11-04T19:16:29.343-05:00  INFO 9324 --- [JPA-Demo] [tomcat-shutdown] o.s.b.w.e.tomcat.GracefulShutdown        : Graceful shutdown complete
2025-11-04T19:16:29.344-05:00  INFO 9324 --- [JPA-Demo] [Thread-15] j.LocalContainerEntityManagerFactoryBean : Closing JPA EntityManagerFactory for persistence unit 'default'
2025-11-04T19:16:29.344-05:00  INFO 9324 --- [JPA-Demo] [Thread-15] com.zaxxer.hikari.HikariDataSource       : HikariPool-4 - Shutdown initiated...
2025-11-04T19:16:29.350-05:00  INFO 9324 --- [JPA-Demo] [Thread-15] com.zaxxer.hikari.HikariDataSource       : HikariPool-4 - Shutdown completed.
2025-11-04T19:16:29.416-05:00  INFO 9324 --- [JPA-Demo] [restartedMain] org.example.jpademo.JpaDemoApplication   : Starting JpaDemoApplication using Java 25 with PID 9324 (C:\Users\murta\Dropbox\PC\Downloads\College Course Books & Materials\Java\JPA-Demo\target\classes started by murta in C:\Users\murta\Dropbox\PC\Downloads\College Course Books & Materials\Java\JPA-Demo)
2025-11-04T19:16:29.416-05:00  INFO 9324 --- [JPA-Demo] [restartedMain] org.example.jpademo.JpaDemoApplication   : No active profile set, falling back to 1 default profile: "default"
2025-11-04T19:16:29.558-05:00  INFO 9324 --- [JPA-Demo] [restartedMain] .s.d.r.c.RepositoryConfigurationDelegate : Bootstrapping Spring Data JPA repositories in DEFAULT mode.
2025-11-04T19:16:29.567-05:00  INFO 9324 --- [JPA-Demo] [restartedMain] .s.d.r.c.RepositoryConfigurationDelegate : Finished Spring Data repository scanning in 7 ms. Found 2 JPA repository interfaces.
2025-11-04T19:16:29.627-05:00  INFO 9324 --- [JPA-Demo] [restartedMain] o.s.b.w.embedded.tomcat.TomcatWebServer  : Tomcat initialized with port 8080 (http)
2025-11-04T19:16:29.629-05:00  INFO 9324 --- [JPA-Demo] [restartedMain] o.apache.catalina.core.StandardService   : Starting service [Tomcat]
2025-11-04T19:16:29.629-05:00  INFO 9324 --- [JPA-Demo] [restartedMain] o.apache.catalina.core.StandardEngine    : Starting Servlet engine: [Apache Tomcat/10.1.46]
2025-11-04T19:16:29.647-05:00  INFO 9324 --- [JPA-Demo] [restartedMain] o.a.c.c.C.[Tomcat].[localhost].[/]       : Initializing Spring embedded WebApplicationContext
2025-11-04T19:16:29.647-05:00  INFO 9324 --- [JPA-Demo] [restartedMain] w.s.c.ServletWebServerApplicationContext : Root WebApplicationContext: initialization completed in 230 ms
2025-11-04T19:16:29.680-05:00  INFO 9324 --- [JPA-Demo] [restartedMain] o.hibernate.jpa.internal.util.LogHelper  : HHH000204: Processing PersistenceUnitInfo [name: default]
2025-11-04T19:16:29.682-05:00  INFO 9324 --- [JPA-Demo] [restartedMain] o.h.c.internal.RegionFactoryInitiator    : HHH000026: Second-level cache disabled
2025-11-04T19:16:29.688-05:00  INFO 9324 --- [JPA-Demo] [restartedMain] o.s.o.j.p.SpringPersistenceUnitInfo      : No LoadTimeWeaver setup: ignoring JPA class transformer
2025-11-04T19:16:29.689-05:00  INFO 9324 --- [JPA-Demo] [restartedMain] com.zaxxer.hikari.HikariDataSource       : HikariPool-5 - Starting...
2025-11-04T19:16:29.705-05:00  INFO 9324 --- [JPA-Demo] [restartedMain] com.zaxxer.hikari.pool.HikariPool        : HikariPool-5 - Added connection com.mysql.cj.jdbc.ConnectionImpl@44937e7a
2025-11-04T19:16:29.705-05:00  INFO 9324 --- [JPA-Demo] [restartedMain] com.zaxxer.hikari.HikariDataSource       : HikariPool-5 - Start completed.
2025-11-04T19:16:29.707-05:00  INFO 9324 --- [JPA-Demo] [restartedMain] org.hibernate.orm.connections.pooling    : HHH10001005: Database info:
	Database JDBC URL [Connecting through datasource 'HikariDataSource (HikariPool-5)']
	Database driver: undefined/unknown
	Database version: 8.0.34
	Autocommit mode: undefined/unknown
	Isolation level: undefined/unknown
	Minimum pool size: undefined/unknown
	Maximum pool size: undefined/unknown
2025-11-04T19:16:29.745-05:00  INFO 9324 --- [JPA-Demo] [restartedMain] o.h.e.t.j.p.i.JtaPlatformInitiator       : HHH000489: No JTA platform available (set 'hibernate.transaction.jta.platform' to enable JTA platform integration)
2025-11-04T19:16:29.774-05:00  INFO 9324 --- [JPA-Demo] [restartedMain] j.LocalContainerEntityManagerFactoryBean : Initialized JPA EntityManagerFactory for persistence unit 'default'
2025-11-04T19:16:29.844-05:00  WARN 9324 --- [JPA-Demo] [restartedMain] JpaBaseConfiguration$JpaWebConfiguration : spring.jpa.open-in-view is enabled by default. Therefore, database queries may be performed during view rendering. Explicitly configure spring.jpa.open-in-view to disable this warning
2025-11-04T19:16:29.918-05:00  INFO 9324 --- [JPA-Demo] [restartedMain] o.s.b.a.h2.H2ConsoleAutoConfiguration    : H2 console available at '/h2-console'. Database available at 'jdbc:mysql://localhost:3306/pokemon'
2025-11-04T19:16:29.932-05:00  INFO 9324 --- [JPA-Demo] [restartedMain] o.s.b.d.a.OptionalLiveReloadServer       : LiveReload server is running on port 35729
2025-11-04T19:16:29.942-05:00  INFO 9324 --- [JPA-Demo] [restartedMain] o.s.b.w.embedded.tomcat.TomcatWebServer  : Tomcat started on port 8080 (http) with context path '/'
2025-11-04T19:16:29.944-05:00  INFO 9324 --- [JPA-Demo] [restartedMain] org.example.jpademo.JpaDemoApplication   : Started JpaDemoApplication in 0.553 seconds (process running for 407.987)
2025-11-04T19:16:29.945-05:00  INFO 9324 --- [JPA-Demo] [restartedMain] .ConditionEvaluationDeltaLoggingListener : Condition evaluation unchanged
2025-11-04T19:16:32.661-05:00  WARN 21212 --- [JPA-Demo] [main] org.hibernate.orm.deprecation            : HHH90000025: H2Dialect does not need to be specified explicitly using 'hibernate.dialect' (remove the property setting and it will be selected by default)
2025-11-04T19:16:34.409-05:00  WARN 21212 --- [JPA-Demo] [main] JpaBaseConfiguration$JpaWebConfiguration : spring.jpa.open-in-view is enabled by default. Therefore, database queries may be performed during view rendering. Explicitly configure spring.jpa.open-in-view to disable this warning
